2022-11-18 13:08:54,464 [INFO] Activator:177 - 


2022-11-18 13:08:54,465 [INFO] Activator:178 - !SESSION log4j initialized
2022-11-18 13:09:20,515 [ERROR] LogOutputStream:74 - [STDERR_REDIRECT] SLF4J: Failed to load class "org.slf4j.impl.StaticLoggerBinder".
2022-11-18 13:09:20,517 [ERROR] LogOutputStream:74 - [STDERR_REDIRECT] SLF4J: Defaulting to no-operation (NOP) logger implementation
2022-11-18 13:09:20,519 [ERROR] LogOutputStream:74 - [STDERR_REDIRECT] SLF4J: See http://www.slf4j.org/codes.html#StaticLoggerBinder for further details.
2022-11-18 14:37:39,715 [INFO] McuFinderGlobals:44 - Set McuFinder mode to 2 (CubeIDE integrated)
2022-11-18 14:37:40,181 [INFO] ApplicationProperties:181 - Using Application install path: C:\ST\STM32CubeIDE_1.9.0\STM32CubeIDE\plugins\com.st.stm32cube.common.mx_6.6.1.202207061420
2022-11-18 14:37:40,209 [INFO] DbMcusXml:77 - Set database path to: C:\ST\STM32CubeIDE_1.9.0\STM32CubeIDE\plugins\com.st.stm32cube.common.mx_6.6.1.202207061420\\db\/mcu/
2022-11-18 14:37:40,210 [INFO] ApiDb:269 - Set plugin database path to: C:\ST\STM32CubeIDE_1.9.0\STM32CubeIDE\plugins\com.st.stm32cube.common.mx_6.6.1.202207061420\\db\/plugins/boardmanager/
2022-11-18 14:37:40,212 [WARN] ApiDb:254 - Overriding images path with different value:  => C:\ST\STM32CubeIDE_1.9.0\STM32CubeIDE\plugins\com.st.stm32cube.common.mx_6.6.1.202207061420\\db\/plugins/mcufinder/images/
2022-11-18 14:37:40,232 [INFO] ApiDb:249 - Set database path to: C:\Users\hsuankai.chang\.stmcufinder\plugins\mcufinder//mcu/
2022-11-18 14:37:40,234 [INFO] DbMcusAds:124 - Set database path to: C:\Users\hsuankai.chang\.stmcufinder\plugins\mcufinder//mcu/
2022-11-18 14:37:40,279 [INFO] CrossReferenceDbSqlite:201 - Set database path to: C:\Users\hsuankai.chang\.stmcufinder\plugins\mcufinder//mcu/cs/
2022-11-18 14:37:40,413 [INFO] RulesReader:61 - Compatibility file has been processed (282 Rules)
2022-11-18 14:37:40,543 [INFO] DbMcusXml:77 - Set database path to: C:\ST\STM32CubeIDE_1.9.0\STM32CubeIDE\plugins\com.st.stm32cube.common.mx_6.6.1.202207061420\\db\/mcu/
2022-11-18 14:37:40,543 [INFO] ApiDb:269 - Set plugin database path to: C:\ST\STM32CubeIDE_1.9.0\STM32CubeIDE\plugins\com.st.stm32cube.common.mx_6.6.1.202207061420\\db\/plugins/boardmanager/
2022-11-18 14:37:40,543 [INFO] ApiDb:256 - Set plugin images path to: C:\ST\STM32CubeIDE_1.9.0\STM32CubeIDE\plugins\com.st.stm32cube.common.mx_6.6.1.202207061420\\db\/plugins/mcufinder/images/
2022-11-18 14:37:40,544 [WARN] DbFile:40 - Overriding database path with different value: C:\Users\hsuankai.chang\.stmcufinder\plugins\mcufinder/ => C:\Users\hsuankai.chang\.stmcufinder\plugins\mcufinder
2022-11-18 14:37:40,544 [INFO] ApiDb:249 - Set database path to: C:\Users\hsuankai.chang\.stmcufinder\plugins\mcufinder//mcu/
2022-11-18 14:37:40,544 [WARN] DbFile:40 - Overriding database path with different value: C:\Users\hsuankai.chang\.stmcufinder\plugins\mcufinder/ => C:\Users\hsuankai.chang\.stmcufinder\plugins\mcufinder
2022-11-18 14:37:40,544 [INFO] DbMcusAds:124 - Set database path to: C:\Users\hsuankai.chang\.stmcufinder\plugins\mcufinder//mcu/
2022-11-18 14:37:40,546 [WARN] DbFile:40 - Overriding database path with different value: C:\Users\hsuankai.chang\.stmcufinder\plugins\mcufinder/ => C:\Users\hsuankai.chang\.stmcufinder\plugins\mcufinder
2022-11-18 14:37:40,546 [WARN] DbFile:40 - Overriding database path with different value: C:\Users\hsuankai.chang\.stmcufinder\plugins\mcufinder/ => C:\Users\hsuankai.chang\.stmcufinder\plugins\mcufinder
2022-11-18 14:37:40,546 [INFO] CrossReferenceDbSqlite:201 - Set database path to: C:\Users\hsuankai.chang\.stmcufinder\plugins\mcufinder//mcu/cs/
2022-11-18 14:37:40,653 [INFO] MainPanel:242 - HeapMemory: 393216000
2022-11-18 14:37:40,761 [INFO] DbMcusXml:77 - Set database path to: C:\ST\STM32CubeIDE_1.9.0\STM32CubeIDE\plugins\com.st.stm32cube.common.mx_6.6.1.202207061420\\db\/mcu/
2022-11-18 14:37:40,762 [INFO] ApiDb:269 - Set plugin database path to: C:\ST\STM32CubeIDE_1.9.0\STM32CubeIDE\plugins\com.st.stm32cube.common.mx_6.6.1.202207061420\\db\/plugins/boardmanager/
2022-11-18 14:37:40,762 [INFO] ApiDb:256 - Set plugin images path to: C:\ST\STM32CubeIDE_1.9.0\STM32CubeIDE\plugins\com.st.stm32cube.common.mx_6.6.1.202207061420\\db\/plugins/mcufinder/images/
2022-11-18 14:37:40,762 [WARN] DbFile:40 - Overriding database path with different value: C:\Users\hsuankai.chang\.stmcufinder\plugins\mcufinder/ => C:\Users\hsuankai.chang\.stmcufinder\plugins\mcufinder
2022-11-18 14:37:40,762 [INFO] ApiDb:249 - Set database path to: C:\Users\hsuankai.chang\.stmcufinder\plugins\mcufinder//mcu/
2022-11-18 14:37:40,763 [WARN] DbFile:40 - Overriding database path with different value: C:\Users\hsuankai.chang\.stmcufinder\plugins\mcufinder/ => C:\Users\hsuankai.chang\.stmcufinder\plugins\mcufinder
2022-11-18 14:37:40,763 [INFO] DbMcusAds:124 - Set database path to: C:\Users\hsuankai.chang\.stmcufinder\plugins\mcufinder//mcu/
2022-11-18 14:37:40,763 [WARN] DbFile:40 - Overriding database path with different value: C:\Users\hsuankai.chang\.stmcufinder\plugins\mcufinder/ => C:\Users\hsuankai.chang\.stmcufinder\plugins\mcufinder
2022-11-18 14:37:40,763 [WARN] DbFile:40 - Overriding database path with different value: C:\Users\hsuankai.chang\.stmcufinder\plugins\mcufinder/ => C:\Users\hsuankai.chang\.stmcufinder\plugins\mcufinder
2022-11-18 14:37:40,763 [INFO] CrossReferenceDbSqlite:201 - Set database path to: C:\Users\hsuankai.chang\.stmcufinder\plugins\mcufinder//mcu/cs/
2022-11-18 14:37:40,788 [INFO] ApplicationProperties:181 - Using Application install path: C:\ST\STM32CubeIDE_1.9.0\STM32CubeIDE\plugins\com.st.stm32cube.common.mx_6.6.1.202207061420
2022-11-18 14:37:40,790 [INFO] PluginManage:193 - Search for loadable plugins [exclusion list=, ]
2022-11-18 14:37:40,792 [INFO] PluginManage:307 - Check plugin analytics
2022-11-18 14:37:41,006 [INFO] AnalyticsPlugin:262 - Accepted Software Licenses: Error : could not load the licence version !,STM32CubeMX.6.6.1,STM32CubeMX.6.5.0
2022-11-18 14:37:41,007 [INFO] AnalyticsPlugin:264 - Accepted CMSIS Pack Licenses: 
2022-11-18 14:37:41,008 [INFO] AnalyticsPlugin:266 - Accepted Firmware Licenses: FW.F4.1.27.0
2022-11-18 14:37:41,017 [INFO] PluginManage:356 - Loaded plugin analytics (category:tool,tabindex:-1)
2022-11-18 14:37:41,017 [INFO] PluginManage:307 - Check plugin cadmodel
2022-11-18 14:37:41,023 [INFO] CADModel:65 - Init CAD model plugin
2022-11-18 14:37:41,024 [INFO] PluginManage:356 - Loaded plugin cadmodel (category:power,tabindex:5)
2022-11-18 14:37:41,024 [INFO] PluginManage:307 - Check plugin clock
2022-11-18 14:37:41,035 [INFO] PluginManage:356 - Loaded plugin clock (category:base,tabindex:2)
2022-11-18 14:37:41,036 [INFO] PluginManage:307 - Check plugin ddr
2022-11-18 14:37:41,038 [INFO] PluginManage:356 - Loaded plugin ddr (category:tool,tabindex:6)
2022-11-18 14:37:41,039 [INFO] PluginManage:307 - Check plugin filemanager
2022-11-18 14:37:41,198 [INFO] PluginManage:356 - Loaded plugin filemanager (category:base,tabindex:10)
2022-11-18 14:37:41,198 [INFO] PluginManage:307 - Check plugin ipmanager
2022-11-18 14:37:41,210 [INFO] PluginManage:356 - Loaded plugin ipmanager (category:base,tabindex:5)
2022-11-18 14:37:41,210 [INFO] PluginManage:307 - Check plugin lpbam
2022-11-18 14:37:41,223 [INFO] PluginManage:356 - Loaded plugin lpbam (category:base,tabindex:0)
2022-11-18 14:37:41,223 [INFO] PluginManage:307 - Check plugin pinoutandconfiguration
2022-11-18 14:37:41,235 [INFO] PluginManage:356 - Loaded plugin pinoutandconfiguration (category:base,tabindex:1)
2022-11-18 14:37:41,235 [INFO] PluginManage:307 - Check plugin pinoutconfig
2022-11-18 14:37:41,279 [INFO] PluginManage:356 - Loaded plugin pinoutconfig (category:base,tabindex:0)
2022-11-18 14:37:41,279 [INFO] PluginManage:307 - Check plugin power
2022-11-18 14:37:41,291 [INFO] PluginManage:356 - Loaded plugin power (category:power,tabindex:4)
2022-11-18 14:37:41,291 [INFO] PluginManage:307 - Check plugin projectmanager
2022-11-18 14:37:41,312 [INFO] PluginManage:356 - Loaded plugin projectmanager (category:projectmanager,tabindex:3)
2022-11-18 14:37:41,312 [INFO] PluginManage:307 - Check plugin thirdparty
2022-11-18 14:37:41,455 [WARN] IntegrityCheckThread:82 - waiting for thirdparty lock release [integrity check]
2022-11-18 14:37:41,456 [INFO] PluginManage:356 - Loaded plugin thirdparty (category:base,tabindex:-1)
2022-11-18 14:37:41,456 [INFO] IntegrityCheckThread:84 - entering critical section [integrity check]
2022-11-18 14:37:41,457 [INFO] PluginManage:307 - Check plugin tools
2022-11-18 14:37:41,460 [INFO] ThirdPartyUpdaterWithRetryManager:70 - Updater plugin not ready yet. [1/15]
2022-11-18 14:37:41,461 [INFO] PluginManage:356 - Loaded plugin tools (category:base,tabindex:7)
2022-11-18 14:37:41,461 [INFO] PluginManage:307 - Check plugin tutovideos
2022-11-18 14:37:41,683 [INFO] PluginManage:356 - Loaded plugin tutovideos (category:base,tabindex:-1)
2022-11-18 14:37:41,683 [INFO] PluginManage:307 - Check plugin updater
2022-11-18 14:37:41,701 [INFO] PluginManage:356 - Loaded plugin updater (category:base,tabindex:12)
2022-11-18 14:37:41,701 [INFO] PluginManage:280 - PluginManage : Loaded plugins [15]
2022-11-18 14:37:42,004 [INFO] PinOutPanel:1468 - setPackage(No Configuration,No Configuration)
2022-11-18 14:37:42,098 [INFO] CADModel:98 - CPN selected for project level
2022-11-18 14:37:42,121 [INFO] IPUIPlugin:79 - create IPUIPlugin
2022-11-18 14:37:42,121 [INFO] PluginManager:217 - loadIPPluginJar : add adc
2022-11-18 14:37:42,125 [INFO] IPUIPlugin:79 - create IPUIPlugin
2022-11-18 14:37:42,125 [INFO] PluginManager:217 - loadIPPluginJar : add aes
2022-11-18 14:37:42,128 [INFO] IPUIPlugin:79 - create IPUIPlugin
2022-11-18 14:37:42,129 [INFO] PluginManager:217 - loadIPPluginJar : add can
2022-11-18 14:37:42,131 [INFO] IPUIPlugin:79 - create IPUIPlugin
2022-11-18 14:37:42,131 [INFO] PluginManager:217 - loadIPPluginJar : add comp
2022-11-18 14:37:42,134 [INFO] IPUIPlugin:79 - create IPUIPlugin
2022-11-18 14:37:42,134 [INFO] PluginManager:217 - loadIPPluginJar : add cryp
2022-11-18 14:37:42,138 [INFO] IPUIPlugin:79 - create IPUIPlugin
2022-11-18 14:37:42,138 [INFO] PluginManager:217 - loadIPPluginJar : add dfsdm
2022-11-18 14:37:42,146 [INFO] IPUIPlugin:79 - create IPUIPlugin
2022-11-18 14:37:42,147 [INFO] PluginManager:217 - loadIPPluginJar : add dma
2022-11-18 14:37:42,151 [INFO] IPUIPlugin:79 - create IPUIPlugin
2022-11-18 14:37:42,151 [INFO] PluginManager:217 - loadIPPluginJar : add dma3
2022-11-18 14:37:42,154 [INFO] IPUIPlugin:79 - create IPUIPlugin
2022-11-18 14:37:42,154 [INFO] PluginManager:217 - loadIPPluginJar : add fatfs
2022-11-18 14:37:42,160 [INFO] IPUIPlugin:79 - create IPUIPlugin
2022-11-18 14:37:42,161 [INFO] PluginManager:217 - loadIPPluginJar : add fmc
2022-11-18 14:37:42,168 [INFO] IPUIPlugin:79 - create IPUIPlugin
2022-11-18 14:37:42,169 [INFO] PluginManager:217 - loadIPPluginJar : add freertos
2022-11-18 14:37:42,171 [INFO] IPUIPlugin:79 - create IPUIPlugin
2022-11-18 14:37:42,171 [INFO] PluginManager:217 - loadIPPluginJar : add genericplugin
2022-11-18 14:37:42,174 [INFO] IPUIPlugin:79 - create IPUIPlugin
2022-11-18 14:37:42,174 [INFO] PluginManager:217 - loadIPPluginJar : add gfxmmu
2022-11-18 14:37:42,180 [INFO] IPUIPlugin:79 - create IPUIPlugin
2022-11-18 14:37:42,181 [INFO] PluginManager:217 - loadIPPluginJar : add gic
2022-11-18 14:37:42,186 [INFO] IPUIPlugin:79 - create IPUIPlugin
2022-11-18 14:37:42,186 [INFO] PluginManager:217 - loadIPPluginJar : add gpio
2022-11-18 14:37:42,190 [INFO] IPUIPlugin:79 - create IPUIPlugin
2022-11-18 14:37:42,190 [INFO] PluginManager:217 - loadIPPluginJar : add gtzc
2022-11-18 14:37:42,193 [INFO] IPUIPlugin:79 - create IPUIPlugin
2022-11-18 14:37:42,193 [INFO] PluginManager:217 - loadIPPluginJar : add hash
2022-11-18 14:37:42,196 [INFO] IPUIPlugin:79 - create IPUIPlugin
2022-11-18 14:37:42,196 [INFO] PluginManager:217 - loadIPPluginJar : add i2c
2022-11-18 14:37:42,199 [INFO] IPUIPlugin:79 - create IPUIPlugin
2022-11-18 14:37:42,200 [INFO] PluginManager:217 - loadIPPluginJar : add i2s
2022-11-18 14:37:42,204 [INFO] IPUIPlugin:79 - create IPUIPlugin
2022-11-18 14:37:42,204 [INFO] PluginManager:217 - loadIPPluginJar : add ipddr
2022-11-18 14:37:42,213 [INFO] IPUIPlugin:79 - create IPUIPlugin
2022-11-18 14:37:42,213 [INFO] PluginManager:217 - loadIPPluginJar : add linkedlist
2022-11-18 14:37:42,217 [INFO] IPUIPlugin:79 - create IPUIPlugin
2022-11-18 14:37:42,217 [INFO] PluginManager:217 - loadIPPluginJar : add lorawan
2022-11-18 14:37:42,218 [INFO] IPUIPlugin:79 - create IPUIPlugin
2022-11-18 14:37:42,218 [INFO] PluginManager:217 - loadIPPluginJar : add ltdc
2022-11-18 14:37:42,224 [INFO] IPUIPlugin:79 - create IPUIPlugin
2022-11-18 14:37:42,225 [INFO] PluginManager:217 - loadIPPluginJar : add mdma
2022-11-18 14:37:42,228 [INFO] IPUIPlugin:79 - create IPUIPlugin
2022-11-18 14:37:42,228 [INFO] PluginManager:217 - loadIPPluginJar : add nvic
2022-11-18 14:37:42,232 [INFO] IPUIPlugin:79 - create IPUIPlugin
2022-11-18 14:37:42,232 [INFO] PluginManager:217 - loadIPPluginJar : add opamp
2022-11-18 14:37:42,236 [INFO] IPUIPlugin:79 - create IPUIPlugin
2022-11-18 14:37:42,236 [INFO] PluginManager:217 - loadIPPluginJar : add openamp
2022-11-18 14:37:42,240 [INFO] IPUIPlugin:79 - create IPUIPlugin
2022-11-18 14:37:42,240 [INFO] PluginManager:217 - loadIPPluginJar : add pdm2pcm
2022-11-18 14:37:42,248 [INFO] IPUIPlugin:79 - create IPUIPlugin
2022-11-18 14:37:42,251 [INFO] PluginManager:217 - loadIPPluginJar : add plateformsettings
2022-11-18 14:37:42,254 [INFO] IPUIPlugin:79 - create IPUIPlugin
2022-11-18 14:37:42,254 [INFO] PluginManager:217 - loadIPPluginJar : add quadspi
2022-11-18 14:37:42,258 [INFO] IPUIPlugin:79 - create IPUIPlugin
2022-11-18 14:37:42,258 [INFO] PluginManager:217 - loadIPPluginJar : add resmgrutility
2022-11-18 14:37:42,261 [INFO] IPUIPlugin:79 - create IPUIPlugin
2022-11-18 14:37:42,261 [INFO] PluginManager:217 - loadIPPluginJar : add sai
2022-11-18 14:37:42,265 [INFO] IPUIPlugin:79 - create IPUIPlugin
2022-11-18 14:37:42,265 [INFO] PluginManager:217 - loadIPPluginJar : add spi
2022-11-18 14:37:42,271 [INFO] IPUIPlugin:79 - create IPUIPlugin
2022-11-18 14:37:42,272 [INFO] PluginManager:217 - loadIPPluginJar : add stm32_wpan
2022-11-18 14:37:42,274 [INFO] IPUIPlugin:79 - create IPUIPlugin
2022-11-18 14:37:42,274 [INFO] PluginManager:217 - loadIPPluginJar : add tim
2022-11-18 14:37:42,278 [INFO] IPUIPlugin:79 - create IPUIPlugin
2022-11-18 14:37:42,278 [INFO] PluginManager:217 - loadIPPluginJar : add touchsensing
2022-11-18 14:37:42,281 [INFO] IPUIPlugin:79 - create IPUIPlugin
2022-11-18 14:37:42,281 [INFO] PluginManager:217 - loadIPPluginJar : add tracer_emb
2022-11-18 14:37:42,284 [INFO] IPUIPlugin:79 - create IPUIPlugin
2022-11-18 14:37:42,284 [INFO] PluginManager:217 - loadIPPluginJar : add ts
2022-11-18 14:37:42,286 [INFO] IPUIPlugin:79 - create IPUIPlugin
2022-11-18 14:37:42,287 [INFO] PluginManager:217 - loadIPPluginJar : add tsc
2022-11-18 14:37:42,289 [INFO] IPUIPlugin:79 - create IPUIPlugin
2022-11-18 14:37:42,289 [INFO] PluginManager:217 - loadIPPluginJar : add ucpd
2022-11-18 14:37:42,293 [INFO] IPUIPlugin:79 - create IPUIPlugin
2022-11-18 14:37:42,293 [INFO] PluginManager:217 - loadIPPluginJar : add usart
2022-11-18 14:37:42,297 [INFO] IPUIPlugin:79 - create IPUIPlugin
2022-11-18 14:37:42,297 [INFO] PluginManager:217 - loadIPPluginJar : add usbx
2022-11-18 14:37:42,694 [FATAL] Updater:301 - Updater called before beeing initialized
2022-11-18 14:37:42,898 [FATAL] Updater:301 - Updater called before beeing initialized
2022-11-18 14:37:42,913 [INFO] DbMcusAds:52 - JSON generation date=Wed Sep 29 23:56:37 PDT 2021 (1632984997303)
2022-11-18 14:37:42,913 [FATAL] Updater:301 - Updater called before beeing initialized
2022-11-18 14:37:42,963 [WARN] DetailPanel:344 - Failed to get advertising image, set to default
2022-11-18 14:37:43,129 [FATAL] Updater:301 - Updater called before beeing initialized
2022-11-18 14:37:43,131 [FATAL] Updater:301 - Updater called before beeing initialized
2022-11-18 14:37:43,131 [FATAL] Updater:301 - Updater called before beeing initialized
2022-11-18 14:37:43,132 [WARN] DetailPanel:344 - Failed to get advertising image, set to default
2022-11-18 14:37:43,133 [FATAL] Updater:301 - Updater called before beeing initialized
2022-11-18 14:37:43,204 [ERROR] Updater:1105 - MainUpdater not yet initialized. External WinMGr cannot be set.
2022-11-18 14:37:43,206 [INFO] Updater:1041 - Updater Version found : 6.6.1
2022-11-18 14:37:43,226 [INFO] ApplicationProperties:181 - Using Application install path: C:\ST\STM32CubeIDE_1.9.0\STM32CubeIDE\plugins\com.st.stm32cube.common.mx_6.6.1.202207061420
2022-11-18 14:37:43,541 [INFO] MainUpdater:2768 - connection check result : 10
2022-11-18 14:37:43,542 [INFO] MainUpdater:280 - Updater Check For Update Now.
2022-11-18 14:37:43,543 [INFO] MicroXplorer:481 - Change Database Version : DB.6.0.60
2022-11-18 14:37:43,707 [INFO] CheckServerUpdateThread:119 - End of CheckServer Thread
2022-11-18 14:37:43,754 [INFO] MainUpdater:2768 - connection check result : 10
2022-11-18 14:37:44,713 [WARN] PackLoader:242 - Cannot read IP mode file for STMicroelectronics.X-CUBE-GNSS1.6.0.0
2022-11-18 14:37:44,746 [WARN] PackLoader:242 - Cannot read IP mode file for STMicroelectronics.X-CUBE-AZRTOS-F4.1.1.0
2022-11-18 14:37:44,764 [WARN] PackLoader:242 - Cannot read IP mode file for STMicroelectronics.X-CUBE-BLEMGR.1.2.0
2022-11-18 14:37:44,791 [WARN] PackLoader:242 - Cannot read IP mode file for STMicroelectronics.X-CUBE-AZRTOS-F7.1.1.0
2022-11-18 14:37:44,804 [WARN] PackLoader:242 - Cannot read IP mode file for STMicroelectronics.X-CUBE-BLE1.6.2.3
2022-11-18 14:37:44,810 [WARN] PackLoader:242 - Cannot read IP mode file for STMicroelectronics.X-CUBE-NFC4.2.0.5
2022-11-18 14:37:44,819 [WARN] PackLoader:242 - Cannot read IP mode file for STMicroelectronics.X-CUBE-NFC4.2.0.4
2022-11-18 14:37:44,831 [WARN] PackLoader:242 - Cannot read IP mode file for STMicroelectronics.X-CUBE-TOF1.3.1.0
2022-11-18 14:37:44,864 [WARN] PackLoader:242 - Cannot read IP mode file for STMicroelectronics.X-CUBE-AZRTOS-F4.1.0.0
2022-11-18 14:37:44,876 [WARN] PackLoader:242 - Cannot read IP mode file for STMicroelectronics.X-CUBE-NFC7.1.0.0
2022-11-18 14:37:44,934 [WARN] PackLoader:242 - Cannot read IP mode file for STMicroelectronics.X-CUBE-MEMS1.9.3.0
2022-11-18 14:37:45,139 [WARN] PackLoader:242 - Cannot read IP mode file for STMicroelectronics.X-CUBE-AI.7.2.0
2022-11-18 14:37:45,148 [WARN] PackLoader:242 - Cannot read IP mode file for STMicroelectronics.X-CUBE-SFXS2LP1.4.0.0
2022-11-18 14:37:45,155 [WARN] PackLoader:242 - Cannot read IP mode file for STMicroelectronics.X-CUBE-BLE2.3.3.0
2022-11-18 14:37:45,166 [WARN] PackLoader:242 - Cannot read IP mode file for STMicroelectronics.X-CUBE-DISPLAY.2.2.0
2022-11-18 14:37:45,179 [WARN] PackLoader:242 - Cannot read IP mode file for STMicroelectronics.X-CUBE-TOF1.3.2.0
2022-11-18 14:37:45,194 [WARN] PackLoader:242 - Cannot read IP mode file for STMicroelectronics.X-CUBE-ISPU.1.0.0
2022-11-18 14:37:45,198 [WARN] PackLoader:242 - Cannot read IP mode file for STMicroelectronics.X-CUBE-ISPU.1.1.0
2022-11-18 14:37:45,211 [WARN] PackLoader:242 - Cannot read IP mode file for RoweBots.I-CUBE-UNISONRTOS.5.5.0-4
2022-11-18 14:37:45,230 [WARN] PackLoader:242 - Cannot read IP mode file for STMicroelectronics.X-CUBE-AZRTOS-H7.2.1.0
2022-11-18 14:37:45,240 [WARN] PackLoader:242 - Cannot read IP mode file for wolfSSL.I-CUBE-wolfSSL.5.4.0
2022-11-18 14:37:45,248 [WARN] PackLoader:242 - Cannot read IP mode file for STMicroelectronics.X-CUBE-BLEMGR.1.0.0
2022-11-18 14:37:45,256 [WARN] PackLoader:242 - Cannot read IP mode file for STMicroelectronics.X-CUBE-AI.7.3.0
2022-11-18 14:37:45,263 [WARN] PackLoader:242 - Cannot read IP mode file for STMicroelectronics.X-CUBE-ALGOBUILD.1.3.0
2022-11-18 14:37:45,284 [WARN] PackLoader:242 - Cannot read IP mode file for STMicroelectronics.X-CUBE-AZRTOS-G0.1.1.0
2022-11-18 14:37:45,297 [WARN] PackLoader:242 - Cannot read IP mode file for STMicroelectronics.X-CUBE-SUBG2.5.0.0
2022-11-18 14:37:45,340 [WARN] PackLoader:242 - Cannot read IP mode file for SEGGER.I-CUBE-embOS.1.2.0
2022-11-18 14:37:45,383 [WARN] PackLoader:242 - Cannot read IP mode file for STMicroelectronics.FP-ATR-ASTRA1.1.1.1
2022-11-18 14:37:45,386 [WARN] PackLoader:242 - Cannot read IP mode file for STMicroelectronics.FP-ATR-ASTRA1.1.1.0
2022-11-18 14:37:45,403 [WARN] PackLoader:242 - Cannot read IP mode file for STMicroelectronics.X-CUBE-AZRTOS-G4.1.0.0
2022-11-18 14:37:45,411 [WARN] PackLoader:242 - Cannot read IP mode file for STMicroelectronics.FP-ATR-SIGFOX1.3.2.0
2022-11-18 14:37:45,430 [WARN] PackLoader:242 - Cannot read IP mode file for STMicroelectronics.X-CUBE-AZRTOS-L4.1.0.0
2022-11-18 14:37:45,440 [WARN] PackLoader:242 - Cannot read IP mode file for emotas.I-CUBE-CANOPEN.1.1.2
2022-11-18 14:37:45,447 [WARN] PackLoader:242 - Cannot read IP mode file for STMicroelectronics.X-CUBE-TOUCHGFX.4.20.0
2022-11-18 14:37:45,462 [WARN] PackLoader:242 - Cannot read IP mode file for STMicroelectronics.X-CUBE-AZRTOS-WL.1.0.0
2022-11-18 14:37:45,470 [WARN] PackLoader:242 - Cannot read IP mode file for portGmbH.I-Cube-SoM-uGOAL.1.1.0
2022-11-18 14:37:45,475 [WARN] PackLoader:242 - Cannot read IP mode file for STMicroelectronics.X-CUBE-ALS.1.0.1
2022-11-18 14:37:45,496 [WARN] PackLoader:242 - Cannot read IP mode file for STMicroelectronics.X-CUBE-AZRTOS-L5.1.0.0
2022-11-18 14:37:45,507 [WARN] PackLoader:242 - Cannot read IP mode file for STMicroelectronics.X-CUBE-EEPRMA1.3.1.1
2022-11-18 14:37:45,509 [INFO] ThirdParty:929 - Integrity check success = true
2022-11-18 14:37:45,509 [INFO] IntegrityCheckThread:98 - exiting critical section [integrity check]
2022-11-18 14:37:45,509 [INFO] IntegrityCheckThread:101 - End integrity checks thread
2022-11-18 14:37:48,521 [INFO] McuFinderGlobals:57 - Set McuFinderConnectedMode to true
2022-11-18 14:37:48,530 [INFO] MultiScanPanel:195 - Auto-refresh data requested => check proxy status ongoing
2022-11-18 14:37:48,534 [INFO] FinderPluginLoader:92 - Searching for filters in installed packs
2022-11-18 14:37:48,697 [INFO] ApiDb:576 - Connected to CubeFinder SQLite database (C:\Users\hsuankai.chang\.stmcufinder\plugins\mcufinder\mcu\cube-finder-db.db)
2022-11-18 14:37:48,744 [INFO] ApiDb:663 - CubeFinder database Data Model version=2.1
2022-11-18 14:37:48,744 [INFO] ApiDb:664 - CubeFinder database Configuration version=3.0.32
2022-11-18 14:37:48,744 [INFO] ApiDb:665 - CubeFinder database generation date=2022-08-05 (1659688109)
2022-11-18 14:37:48,744 [INFO] ApiDb:666 - CubeFinder database FW Pack versions=[STM32Cube_FW_C0_V1.0.0, STM32Cube_FW_F4_V1.27.1, STM32Cube_FW_F7_V1.17.0, STM32Cube_FW_G0_V1.6.1, STM32Cube_FW_G4_V1.5.0, STM32Cube_FW_H7_V1.10.0, STM32Cube_FW_L5_V1.4.0, STM32Cube_FW_U5_V1.1.1, STM32Cube_FW_WB_V1.14.1, STM32Cube_FW_WL_V1.2.0, X-CUBE-ALGOBUILD_V1.3.0, X-CUBE-ALS_V1.0.1, X-CUBE-AZRTOS-F4_V1.1.0, X-CUBE-AZRTOS-F7_V1.1.0, X-CUBE-AZRTOS-G0_V1.1.0, X-CUBE-AZRTOS-G4_V1.0.0, X-CUBE-AZRTOS-H7_V2.1.0, X-CUBE-AZRTOS-L4_V1.0.0, X-CUBE-AZRTOS-L5_V1.0.0, X-CUBE-AZRTOS-WL_V1.0.0, X-CUBE-BLE1_V6.2.3, X-CUBE-BLE2_V3.3.0, X-CUBE-EEPRMA1_V3.1.1, X-CUBE-GNSS1_V6.0.0, X-CUBE-MEMS1_V9.1.0, X-CUBE-MEMS1_V9.3.0, X-CUBE-NFC4_V2.0.4, X-CUBE-NFC7_V1.0.0, X-CUBE-SFXS2LP1_V4.0.0, X-CUBE-SUBG2_V5.0.0]
2022-11-18 14:37:50,751 [INFO] ApiDb:239 - Found 138 in-development CPN: [B-WB1M-WPAN1, NUCLEO-C031C6, STEVAL-STWINBX1, STM320518-EVAL, STM32C0116-DK, STM32C011D6Y3TR, STM32C011D6Y6TR, STM32C011F4P3, STM32C011F4P6, STM32C011F4U3, STM32C011F4U6TR, STM32C011F6P3, STM32C011F6P6, STM32C011F6U3, STM32C011F6U6TR, STM32C011J4M3, STM32C011J4M6, STM32C011J6M3, STM32C011J6M6, STM32C0316-DK, STM32C031C4T3, STM32C031C4T6, STM32C031C4U3, STM32C031C4U6, STM32C031C6T3, STM32C031C6T6, STM32C031C6U3, STM32C031C6U6, STM32C031F4P3, STM32C031F4P6, STM32C031F6P3, STM32C031F6P6, STM32C031G4U3, STM32C031G4U6, STM32C031G6U3, STM32C031G6U6, STM32C031K4T3, STM32C031K4T6, STM32C031K4U3, STM32C031K4U6, STM32C031K6T3, STM32C031K6T6, STM32C031K6U3, STM32C031K6U6, STM32G071K8TXN, STM32G071K8UXN, STM32G081GBU6N, STM32G081KBT6N, STM32G081KBUXN, STM32G0B1CCT6N, STM32G0B1KCT6, STM32G0B1NEY6TR, STM32G0B1RCT6N, STM32G0C1CCT6, STM32G0C1CCT6N, STM32G0C1CCU6N, STM32G0C1CET6N, STM32G0C1CEU6N, STM32G0C1KCT6, STM32G0C1NEY6TR, STM32G0C1RCI6N, STM32G0C1RCT6N, STM32G0C1REI6N, STM32G0C1RET6N, STM32G0C1VCI6, STM32G0C1VEI6, STM32G471CCT6, STM32G471CCU6, STM32G471CET3, STM32G471CET6, STM32G471CEU3, STM32G471CEU6, STM32G471MCT6, STM32G471MET3, STM32G471MET6, STM32G471MEY6TR, STM32G471QCT6, STM32G471QET3, STM32G471RCT6, STM32G471RET3, STM32G471RET6, STM32G471VCH6, STM32G471VCI6, STM32G471VCT6, STM32G471VEH3, STM32G471VEH6, STM32G471VEI3, STM32G471VEI6, STM32G471VET3, STM32G471VET6, STM32G474CCT6, STM32L476VGY6PTR, STM32L4R5QGI6STR, STM32MP131AAE3, STM32MP131AAF3, STM32MP131AAG3, STM32MP131CAE3, STM32MP131CAF3, STM32MP131CAG3, STM32MP131DAE7, STM32MP131DAF7, STM32MP131DAG7, STM32MP131FAE7, STM32MP131FAF7, STM32MP131FAG7, STM32MP133AAE3, STM32MP133AAF3, STM32MP133AAG3, STM32MP133CAE3, STM32MP133CAF3, STM32MP133CAG3, STM32MP133DAE7, STM32MP133DAF7, STM32MP133DAG7, STM32MP133FAE7, STM32MP133FAF7, STM32MP133FAG7, STM32MP135AAE3, STM32MP135AAF3, STM32MP135AAG3, STM32MP135CAE3, STM32MP135CAF3, STM32MP135CAG3, STM32MP135DAE7, STM32MP135DAF7, STM32MP135DAG7, STM32MP135F-DK, STM32MP135FAE7, STM32MP135FAF7, STM32MP135FAG7, STM32U595ZJT6Q, STM32U599BJY6QTR, STM32U599NIH6Q, STM32U599NJH6Q, STM32U5A5ZJT6Q, STM32U5A9BJY6QTR, STM32U5A9NJH6Q, STM32WB1MMCH6]
2022-11-18 14:37:50,756 [INFO] DbMcus:215 - Found 3542 MCUs, 3542 are supported
2022-11-18 14:37:50,759 [INFO] ApiDb:418 - Load user favorites file C:\Users\hsuankai.chang/.stm32cubeide/favorites.mcus.txt: 0 item(s)
2022-11-18 14:37:50,760 [INFO] ApiDb:422 - User favorites MCUs=[]
2022-11-18 14:37:50,760 [INFO] DbMcus:221 - Set 0 / 0 favorites MCUs
2022-11-18 14:37:52,323 [INFO] LoadUrlFilesThread:177 - End of LoadServerUrlFiles without Thread
2022-11-18 14:37:52,344 [INFO] DetailPanel:339 - Set advertising image to C:/Users/hsuankai.chang/STM32Cube/Repository/\en.Prom_NBSTM32U50921.jpg
2022-11-18 14:37:53,485 [INFO] MultiScanPanel:778 - Auto Refresh Data is not needed
2022-11-18 14:37:53,496 [INFO] ApiDb:663 - CubeFinder database Data Model version=2.1
2022-11-18 14:37:53,497 [INFO] ApiDb:664 - CubeFinder database Configuration version=3.0.32
2022-11-18 14:37:53,497 [INFO] ApiDb:665 - CubeFinder database generation date=2022-08-05 (1659688109)
2022-11-18 14:37:53,497 [INFO] ApiDb:666 - CubeFinder database FW Pack versions=[STM32Cube_FW_C0_V1.0.0, STM32Cube_FW_F4_V1.27.1, STM32Cube_FW_F7_V1.17.0, STM32Cube_FW_G0_V1.6.1, STM32Cube_FW_G4_V1.5.0, STM32Cube_FW_H7_V1.10.0, STM32Cube_FW_L5_V1.4.0, STM32Cube_FW_U5_V1.1.1, STM32Cube_FW_WB_V1.14.1, STM32Cube_FW_WL_V1.2.0, X-CUBE-ALGOBUILD_V1.3.0, X-CUBE-ALS_V1.0.1, X-CUBE-AZRTOS-F4_V1.1.0, X-CUBE-AZRTOS-F7_V1.1.0, X-CUBE-AZRTOS-G0_V1.1.0, X-CUBE-AZRTOS-G4_V1.0.0, X-CUBE-AZRTOS-H7_V2.1.0, X-CUBE-AZRTOS-L4_V1.0.0, X-CUBE-AZRTOS-L5_V1.0.0, X-CUBE-AZRTOS-WL_V1.0.0, X-CUBE-BLE1_V6.2.3, X-CUBE-BLE2_V3.3.0, X-CUBE-EEPRMA1_V3.1.1, X-CUBE-GNSS1_V6.0.0, X-CUBE-MEMS1_V9.1.0, X-CUBE-MEMS1_V9.3.0, X-CUBE-NFC4_V2.0.4, X-CUBE-NFC7_V1.0.0, X-CUBE-SFXS2LP1_V4.0.0, X-CUBE-SUBG2_V5.0.0]
2022-11-18 14:37:53,583 [INFO] DbBoardsSqlite:227 - include board P-NUCLEO-WB55-NUCLEO as a kit item of type 'Nucleo-64'
2022-11-18 14:37:53,583 [INFO] DbBoardsSqlite:227 - include board P-NUCLEO-WB55-USBDONGLE as a kit item of type 'Nucleo USB Dongle'
2022-11-18 14:37:53,584 [INFO] DbBoardsSqlite:227 - include board STEVAL-IDP005V1 as a kit item of type 'Evaluation Board'
2022-11-18 14:37:53,584 [INFO] DbBoardsSqlite:227 - include board STEVAL-IDP005V2 as a kit item of type 'Evaluation Board'
2022-11-18 14:37:53,600 [INFO] ApiDb:239 - Found 138 in-development CPN: [B-WB1M-WPAN1, NUCLEO-C031C6, STEVAL-STWINBX1, STM320518-EVAL, STM32C0116-DK, STM32C011D6Y3TR, STM32C011D6Y6TR, STM32C011F4P3, STM32C011F4P6, STM32C011F4U3, STM32C011F4U6TR, STM32C011F6P3, STM32C011F6P6, STM32C011F6U3, STM32C011F6U6TR, STM32C011J4M3, STM32C011J4M6, STM32C011J6M3, STM32C011J6M6, STM32C0316-DK, STM32C031C4T3, STM32C031C4T6, STM32C031C4U3, STM32C031C4U6, STM32C031C6T3, STM32C031C6T6, STM32C031C6U3, STM32C031C6U6, STM32C031F4P3, STM32C031F4P6, STM32C031F6P3, STM32C031F6P6, STM32C031G4U3, STM32C031G4U6, STM32C031G6U3, STM32C031G6U6, STM32C031K4T3, STM32C031K4T6, STM32C031K4U3, STM32C031K4U6, STM32C031K6T3, STM32C031K6T6, STM32C031K6U3, STM32C031K6U6, STM32G071K8TXN, STM32G071K8UXN, STM32G081GBU6N, STM32G081KBT6N, STM32G081KBUXN, STM32G0B1CCT6N, STM32G0B1KCT6, STM32G0B1NEY6TR, STM32G0B1RCT6N, STM32G0C1CCT6, STM32G0C1CCT6N, STM32G0C1CCU6N, STM32G0C1CET6N, STM32G0C1CEU6N, STM32G0C1KCT6, STM32G0C1NEY6TR, STM32G0C1RCI6N, STM32G0C1RCT6N, STM32G0C1REI6N, STM32G0C1RET6N, STM32G0C1VCI6, STM32G0C1VEI6, STM32G471CCT6, STM32G471CCU6, STM32G471CET3, STM32G471CET6, STM32G471CEU3, STM32G471CEU6, STM32G471MCT6, STM32G471MET3, STM32G471MET6, STM32G471MEY6TR, STM32G471QCT6, STM32G471QET3, STM32G471RCT6, STM32G471RET3, STM32G471RET6, STM32G471VCH6, STM32G471VCI6, STM32G471VCT6, STM32G471VEH3, STM32G471VEH6, STM32G471VEI3, STM32G471VEI6, STM32G471VET3, STM32G471VET6, STM32G474CCT6, STM32L476VGY6PTR, STM32L4R5QGI6STR, STM32MP131AAE3, STM32MP131AAF3, STM32MP131AAG3, STM32MP131CAE3, STM32MP131CAF3, STM32MP131CAG3, STM32MP131DAE7, STM32MP131DAF7, STM32MP131DAG7, STM32MP131FAE7, STM32MP131FAF7, STM32MP131FAG7, STM32MP133AAE3, STM32MP133AAF3, STM32MP133AAG3, STM32MP133CAE3, STM32MP133CAF3, STM32MP133CAG3, STM32MP133DAE7, STM32MP133DAF7, STM32MP133DAG7, STM32MP133FAE7, STM32MP133FAF7, STM32MP133FAG7, STM32MP135AAE3, STM32MP135AAF3, STM32MP135AAG3, STM32MP135CAE3, STM32MP135CAF3, STM32MP135CAG3, STM32MP135DAE7, STM32MP135DAF7, STM32MP135DAG7, STM32MP135F-DK, STM32MP135FAE7, STM32MP135FAF7, STM32MP135FAG7, STM32U595ZJT6Q, STM32U599BJY6QTR, STM32U599NIH6Q, STM32U599NJH6Q, STM32U5A5ZJT6Q, STM32U5A9BJY6QTR, STM32U5A9NJH6Q, STM32WB1MMCH6]
2022-11-18 14:37:53,787 [INFO] BoardInfo:879 - No configuration file found for board P-NUCLEO-WB55
2022-11-18 14:37:53,787 [INFO] DbBoards:156 - Kit is not supported: P-NUCLEO-WB55
2022-11-18 14:37:53,795 [INFO] BoardInfo:879 - No configuration file found for board STEVAL-BFA001V1B
2022-11-18 14:37:53,795 [INFO] DbBoards:156 - Kit is not supported: STEVAL-BFA001V1B
2022-11-18 14:37:53,798 [INFO] BoardInfo:879 - No configuration file found for board STEVAL-BFA001V2B
2022-11-18 14:37:53,798 [INFO] DbBoards:156 - Kit is not supported: STEVAL-BFA001V2B
2022-11-18 14:37:54,003 [INFO] DbBoards:160 - Found 176 boards, 173 are supported
2022-11-18 14:37:54,008 [INFO] ApiDb:418 - Load user favorites file C:\Users\hsuankai.chang/.stm32cubeide/favorites.boards.txt: 0 item(s)
2022-11-18 14:37:54,008 [INFO] ApiDb:422 - User favorites Boards=[]
2022-11-18 14:37:54,009 [INFO] DbBoards:189 - Set 0 / 0 favorites Boards
2022-11-18 14:37:57,860 [INFO] McuFinderGlobals:57 - Set McuFinderConnectedMode to true
2022-11-18 14:37:57,863 [INFO] ApiDb:443 - Save user favorites file C:\Users\hsuankai.chang/.stm32cubeide/favorites.mcus.txt: 0 item(s)
2022-11-18 14:37:57,863 [INFO] ApiDb:447 - User favorites MCUs=[]
2022-11-18 15:00:48,103 [INFO] MainUpdater:2768 - connection check result : 10
2022-11-18 15:00:48,211 [INFO] McuFinderGlobals:57 - Set McuFinderConnectedMode to true
2022-11-18 15:00:48,212 [INFO] MultiScanPanel:195 - Auto-refresh data requested => check proxy status ongoing
2022-11-18 15:00:48,212 [INFO] FinderPluginLoader:92 - Searching for filters in installed packs
2022-11-18 15:00:49,252 [INFO] LoadUrlFilesThread:177 - End of LoadServerUrlFiles without Thread
2022-11-18 15:00:49,252 [INFO] DetailPanel:339 - Set advertising image to C:/Users/hsuankai.chang/STM32Cube/Repository/\en.Prom_NBSTM32U50921.jpg
2022-11-18 15:00:49,874 [INFO] MultiScanPanel:778 - Auto Refresh Data is not needed
2022-11-18 15:00:51,941 [INFO] McuFinderGlobals:57 - Set McuFinderConnectedMode to true
2022-11-18 15:00:51,945 [INFO] ApiDb:443 - Save user favorites file C:\Users\hsuankai.chang/.stm32cubeide/favorites.mcus.txt: 0 item(s)
2022-11-18 15:00:51,946 [INFO] ApiDb:447 - User favorites MCUs=[]
2022-11-21 13:57:16,970 [INFO] Activator:177 - 


2022-11-21 13:57:16,971 [INFO] Activator:178 - !SESSION log4j initialized
2022-11-21 13:57:46,872 [ERROR] LogOutputStream:74 - [STDERR_REDIRECT] SLF4J: Failed to load class "org.slf4j.impl.StaticLoggerBinder".
2022-11-21 13:57:46,874 [ERROR] LogOutputStream:74 - [STDERR_REDIRECT] SLF4J: Defaulting to no-operation (NOP) logger implementation
2022-11-21 13:57:46,876 [ERROR] LogOutputStream:74 - [STDERR_REDIRECT] SLF4J: See http://www.slf4j.org/codes.html#StaticLoggerBinder for further details.
2022-11-21 14:06:11,982 [INFO] Activator:177 - 


2022-11-21 14:06:11,983 [INFO] Activator:178 - !SESSION log4j initialized
2022-11-21 14:06:43,469 [ERROR] LogOutputStream:74 - [STDERR_REDIRECT] SLF4J: Failed to load class "org.slf4j.impl.StaticLoggerBinder".
2022-11-21 14:06:43,471 [ERROR] LogOutputStream:74 - [STDERR_REDIRECT] SLF4J: Defaulting to no-operation (NOP) logger implementation
2022-11-21 14:06:43,474 [ERROR] LogOutputStream:74 - [STDERR_REDIRECT] SLF4J: See http://www.slf4j.org/codes.html#StaticLoggerBinder for further details.
2022-11-21 16:37:13,249 [INFO] Activator:177 - 


2022-11-21 16:37:13,250 [INFO] Activator:178 - !SESSION log4j initialized
2022-11-21 16:37:43,073 [ERROR] LogOutputStream:74 - [STDERR_REDIRECT] SLF4J: Failed to load class "org.slf4j.impl.StaticLoggerBinder".
2022-11-21 16:37:43,075 [ERROR] LogOutputStream:74 - [STDERR_REDIRECT] SLF4J: Defaulting to no-operation (NOP) logger implementation
2022-11-21 16:37:43,077 [ERROR] LogOutputStream:74 - [STDERR_REDIRECT] SLF4J: See http://www.slf4j.org/codes.html#StaticLoggerBinder for further details.
2022-11-21 17:21:44,759 [INFO] Activator:177 - 


2022-11-21 17:21:44,761 [INFO] Activator:178 - !SESSION log4j initialized
2022-11-21 17:22:15,284 [ERROR] LogOutputStream:74 - [STDERR_REDIRECT] SLF4J: Failed to load class "org.slf4j.impl.StaticLoggerBinder".
2022-11-21 17:22:15,285 [ERROR] LogOutputStream:74 - [STDERR_REDIRECT] SLF4J: Defaulting to no-operation (NOP) logger implementation
2022-11-21 17:22:15,288 [ERROR] LogOutputStream:74 - [STDERR_REDIRECT] SLF4J: See http://www.slf4j.org/codes.html#StaticLoggerBinder for further details.
2022-11-21 21:09:13,093 [INFO] Activator:177 - 


2022-11-21 21:09:13,095 [INFO] Activator:178 - !SESSION log4j initialized
2022-11-21 21:09:48,970 [ERROR] LogOutputStream:74 - [STDERR_REDIRECT] SLF4J: Failed to load class "org.slf4j.impl.StaticLoggerBinder".
2022-11-21 21:09:48,972 [ERROR] LogOutputStream:74 - [STDERR_REDIRECT] SLF4J: Defaulting to no-operation (NOP) logger implementation
2022-11-21 21:09:48,979 [ERROR] LogOutputStream:74 - [STDERR_REDIRECT] SLF4J: See http://www.slf4j.org/codes.html#StaticLoggerBinder for further details.
2022-11-22 10:42:35,219 [INFO] Activator:177 - 


2022-11-22 10:42:35,221 [INFO] Activator:178 - !SESSION log4j initialized
2022-11-22 10:43:06,073 [ERROR] LogOutputStream:74 - [STDERR_REDIRECT] SLF4J: Failed to load class "org.slf4j.impl.StaticLoggerBinder".
2022-11-22 10:43:06,074 [ERROR] LogOutputStream:74 - [STDERR_REDIRECT] SLF4J: Defaulting to no-operation (NOP) logger implementation
2022-11-22 10:43:06,077 [ERROR] LogOutputStream:74 - [STDERR_REDIRECT] SLF4J: See http://www.slf4j.org/codes.html#StaticLoggerBinder for further details.
2022-11-22 10:50:14,150 [INFO] Activator:177 - 


2022-11-22 10:50:14,152 [INFO] Activator:178 - !SESSION log4j initialized
2022-11-22 10:50:45,585 [ERROR] LogOutputStream:74 - [STDERR_REDIRECT] SLF4J: Failed to load class "org.slf4j.impl.StaticLoggerBinder".
2022-11-22 10:50:45,587 [ERROR] LogOutputStream:74 - [STDERR_REDIRECT] SLF4J: Defaulting to no-operation (NOP) logger implementation
2022-11-22 10:50:45,590 [ERROR] LogOutputStream:74 - [STDERR_REDIRECT] SLF4J: See http://www.slf4j.org/codes.html#StaticLoggerBinder for further details.
2022-11-22 12:31:15,426 [ERROR] LogOutputStream:74 - [STDERR_REDIRECT] org.eclipse.cdt.managedbuilder.core.BuildException: No toolchain option in toolchain configuration cdt.managedbuild.toolchain.gnu.mingw.exe.debug.674962528: 
2022-11-22 12:31:15,431 [ERROR] LogOutputStream:74 - [STDERR_REDIRECT] 	at com.st.stm32cube.ide.mcu.toolchain.ToolChainHelper.getToolChainId(ToolChainHelper.java:159)
2022-11-22 12:31:15,434 [ERROR] LogOutputStream:74 - [STDERR_REDIRECT] 	at com.st.stm32cube.ide.mcu.toolchain.ToolChainHelper.getToolChainInfo(ToolChainHelper.java:106)
2022-11-22 12:31:15,437 [ERROR] LogOutputStream:74 - [STDERR_REDIRECT] 	at com.st.stm32cube.ide.mcu.toolchain.ui.unmanaged.ToolSettingsTab.createControls(ToolSettingsTab.java:147)
2022-11-22 12:31:15,439 [ERROR] LogOutputStream:74 - [STDERR_REDIRECT] 	at org.eclipse.cdt.ui.newui.AbstractCPropertyTab.createControls(AbstractCPropertyTab.java:139)
2022-11-22 12:31:15,440 [ERROR] LogOutputStream:74 - [STDERR_REDIRECT] 	at org.eclipse.cdt.ui.newui.AbstractPage.loadTab(AbstractPage.java:1189)
2022-11-22 12:31:15,444 [ERROR] LogOutputStream:74 - [STDERR_REDIRECT] 	at org.eclipse.cdt.ui.newui.AbstractPage.loadExtensionsSynchronized(AbstractPage.java:1133)
2022-11-22 12:31:15,446 [ERROR] LogOutputStream:74 - [STDERR_REDIRECT] 	at org.eclipse.cdt.ui.newui.AbstractPage.createWidgets(AbstractPage.java:364)
2022-11-22 12:31:15,448 [ERROR] LogOutputStream:74 - [STDERR_REDIRECT] 	at org.eclipse.cdt.ui.newui.AbstractPage.contentForCDT(AbstractPage.java:350)
2022-11-22 12:31:15,450 [ERROR] LogOutputStream:74 - [STDERR_REDIRECT] 	at org.eclipse.cdt.ui.newui.AbstractPage.createContents(AbstractPage.java:247)
2022-11-22 12:31:15,453 [ERROR] LogOutputStream:74 - [STDERR_REDIRECT] 	at org.eclipse.jface.preference.PreferencePage.createControl(PreferencePage.java:244)
2022-11-22 12:31:15,456 [ERROR] LogOutputStream:74 - [STDERR_REDIRECT] 	at org.eclipse.jface.preference.PreferenceDialog.createPageControl(PreferenceDialog.java:1433)
2022-11-22 12:31:15,458 [ERROR] LogOutputStream:74 - [STDERR_REDIRECT] 	at org.eclipse.jface.preference.PreferenceDialog$8.run(PreferenceDialog.java:1196)
2022-11-22 12:31:15,461 [ERROR] LogOutputStream:74 - [STDERR_REDIRECT] 	at org.eclipse.core.runtime.SafeRunner.run(SafeRunner.java:45)
2022-11-22 12:31:15,464 [ERROR] LogOutputStream:74 - [STDERR_REDIRECT] 	at org.eclipse.jface.util.SafeRunnable.run(SafeRunnable.java:174)
2022-11-22 12:31:15,466 [ERROR] LogOutputStream:74 - [STDERR_REDIRECT] 	at org.eclipse.jface.preference.PreferenceDialog.showPage(PreferenceDialog.java:1188)
2022-11-22 12:31:15,469 [ERROR] LogOutputStream:74 - [STDERR_REDIRECT] 	at org.eclipse.ui.internal.dialogs.FilteredPreferenceDialog.showPage(FilteredPreferenceDialog.java:630)
2022-11-22 12:31:15,471 [ERROR] LogOutputStream:74 - [STDERR_REDIRECT] 	at org.eclipse.jface.preference.PreferenceDialog$5.lambda$0(PreferenceDialog.java:660)
2022-11-22 12:31:15,473 [ERROR] LogOutputStream:74 - [STDERR_REDIRECT] 	at org.eclipse.swt.custom.BusyIndicator.showWhile(BusyIndicator.java:74)
2022-11-22 12:31:15,476 [ERROR] LogOutputStream:74 - [STDERR_REDIRECT] 	at org.eclipse.jface.preference.PreferenceDialog$5.selectionChanged(PreferenceDialog.java:657)
2022-11-22 12:31:15,479 [ERROR] LogOutputStream:74 - [STDERR_REDIRECT] 	at org.eclipse.jface.viewers.StructuredViewer$3.run(StructuredViewer.java:821)
2022-11-22 12:31:15,481 [ERROR] LogOutputStream:74 - [STDERR_REDIRECT] 	at org.eclipse.core.runtime.SafeRunner.run(SafeRunner.java:45)
2022-11-22 12:31:15,482 [ERROR] LogOutputStream:74 - [STDERR_REDIRECT] 	at org.eclipse.jface.util.SafeRunnable.run(SafeRunnable.java:174)
2022-11-22 12:31:15,485 [ERROR] LogOutputStream:74 - [STDERR_REDIRECT] 	at org.eclipse.jface.viewers.StructuredViewer.firePostSelectionChanged(StructuredViewer.java:818)
2022-11-22 12:31:15,487 [ERROR] LogOutputStream:74 - [STDERR_REDIRECT] 	at org.eclipse.jface.viewers.StructuredViewer.handlePostSelect(StructuredViewer.java:1191)
2022-11-22 12:31:15,489 [ERROR] LogOutputStream:74 - [STDERR_REDIRECT] 	at org.eclipse.swt.events.SelectionListener$1.widgetSelected(SelectionListener.java:84)
2022-11-22 12:31:15,491 [ERROR] LogOutputStream:74 - [STDERR_REDIRECT] 	at org.eclipse.jface.util.OpenStrategy.firePostSelectionEvent(OpenStrategy.java:284)
2022-11-22 12:31:15,494 [ERROR] LogOutputStream:74 - [STDERR_REDIRECT] 	at org.eclipse.jface.util.OpenStrategy$1.lambda$1(OpenStrategy.java:438)
2022-11-22 12:31:15,496 [ERROR] LogOutputStream:74 - [STDERR_REDIRECT] 	at org.eclipse.swt.widgets.RunnableLock.run(RunnableLock.java:40)
2022-11-22 12:31:15,499 [ERROR] LogOutputStream:74 - [STDERR_REDIRECT] 	at org.eclipse.swt.widgets.Synchronizer.runAsyncMessages(Synchronizer.java:185)
2022-11-22 12:31:15,501 [ERROR] LogOutputStream:74 - [STDERR_REDIRECT] 	at org.eclipse.swt.widgets.Display.runAsyncMessages(Display.java:4035)
2022-11-22 12:31:15,503 [ERROR] LogOutputStream:74 - [STDERR_REDIRECT] 	at org.eclipse.swt.widgets.Display.readAndDispatch(Display.java:3635)
2022-11-22 12:31:15,504 [ERROR] LogOutputStream:74 - [STDERR_REDIRECT] 	at org.eclipse.jface.window.Window.runEventLoop(Window.java:823)
2022-11-22 12:31:15,506 [ERROR] LogOutputStream:74 - [STDERR_REDIRECT] 	at org.eclipse.jface.window.Window.open(Window.java:799)
2022-11-22 12:31:15,509 [ERROR] LogOutputStream:74 - [STDERR_REDIRECT] 	at org.eclipse.ui.dialogs.PropertyDialogAction.run(PropertyDialogAction.java:153)
2022-11-22 12:31:15,512 [ERROR] LogOutputStream:74 - [STDERR_REDIRECT] 	at org.eclipse.jface.action.Action.runWithEvent(Action.java:474)
2022-11-22 12:31:15,516 [ERROR] LogOutputStream:74 - [STDERR_REDIRECT] 	at org.eclipse.jface.action.ActionContributionItem.handleWidgetSelection(ActionContributionItem.java:580)
2022-11-22 12:31:15,519 [ERROR] LogOutputStream:74 - [STDERR_REDIRECT] 	at org.eclipse.jface.action.ActionContributionItem.lambda$4(ActionContributionItem.java:414)
2022-11-22 12:31:15,520 [ERROR] LogOutputStream:74 - [STDERR_REDIRECT] 	at org.eclipse.swt.widgets.EventTable.sendEvent(EventTable.java:89)
2022-11-22 12:31:15,521 [ERROR] LogOutputStream:74 - [STDERR_REDIRECT] 	at org.eclipse.swt.widgets.Display.sendEvent(Display.java:4243)
2022-11-22 12:31:15,523 [ERROR] LogOutputStream:74 - [STDERR_REDIRECT] 	at org.eclipse.swt.widgets.Widget.sendEvent(Widget.java:1063)
2022-11-22 12:31:15,525 [ERROR] LogOutputStream:74 - [STDERR_REDIRECT] 	at org.eclipse.swt.widgets.Display.runDeferredEvents(Display.java:4060)
2022-11-22 12:31:15,528 [ERROR] LogOutputStream:74 - [STDERR_REDIRECT] 	at org.eclipse.swt.widgets.Display.readAndDispatch(Display.java:3632)
2022-11-22 12:31:15,532 [ERROR] LogOutputStream:74 - [STDERR_REDIRECT] 	at org.eclipse.e4.ui.internal.workbench.swt.PartRenderingEngine$5.run(PartRenderingEngine.java:1155)
2022-11-22 12:31:15,534 [ERROR] LogOutputStream:74 - [STDERR_REDIRECT] 	at org.eclipse.core.databinding.observable.Realm.runWithDefault(Realm.java:338)
2022-11-22 12:31:15,536 [ERROR] LogOutputStream:74 - [STDERR_REDIRECT] 	at org.eclipse.e4.ui.internal.workbench.swt.PartRenderingEngine.run(PartRenderingEngine.java:1046)
2022-11-22 12:31:15,539 [ERROR] LogOutputStream:74 - [STDERR_REDIRECT] 	at org.eclipse.e4.ui.internal.workbench.E4Workbench.createAndRunUI(E4Workbench.java:155)
2022-11-22 12:31:15,540 [ERROR] LogOutputStream:74 - [STDERR_REDIRECT] 	at org.eclipse.ui.internal.Workbench.lambda$3(Workbench.java:644)
2022-11-22 12:31:15,544 [ERROR] LogOutputStream:74 - [STDERR_REDIRECT] 	at org.eclipse.core.databinding.observable.Realm.runWithDefault(Realm.java:338)
2022-11-22 12:31:15,546 [ERROR] LogOutputStream:74 - [STDERR_REDIRECT] 	at org.eclipse.ui.internal.Workbench.createAndRunWorkbench(Workbench.java:551)
2022-11-22 12:31:15,547 [ERROR] LogOutputStream:74 - [STDERR_REDIRECT] 	at org.eclipse.ui.PlatformUI.createAndRunWorkbench(PlatformUI.java:156)
2022-11-22 12:31:15,550 [ERROR] LogOutputStream:74 - [STDERR_REDIRECT] 	at org.eclipse.ui.internal.ide.application.IDEApplication.start(IDEApplication.java:152)
2022-11-22 12:31:15,553 [ERROR] LogOutputStream:74 - [STDERR_REDIRECT] 	at org.eclipse.equinox.internal.app.EclipseAppHandle.run(EclipseAppHandle.java:203)
2022-11-22 12:31:15,555 [ERROR] LogOutputStream:74 - [STDERR_REDIRECT] 	at org.eclipse.core.runtime.internal.adaptor.EclipseAppLauncher.runApplication(EclipseAppLauncher.java:136)
2022-11-22 12:31:15,558 [ERROR] LogOutputStream:74 - [STDERR_REDIRECT] 	at org.eclipse.core.runtime.internal.adaptor.EclipseAppLauncher.start(EclipseAppLauncher.java:104)
2022-11-22 12:31:15,561 [ERROR] LogOutputStream:74 - [STDERR_REDIRECT] 	at org.eclipse.core.runtime.adaptor.EclipseStarter.run(EclipseStarter.java:401)
2022-11-22 12:31:15,563 [ERROR] LogOutputStream:74 - [STDERR_REDIRECT] 	at org.eclipse.core.runtime.adaptor.EclipseStarter.run(EclipseStarter.java:255)
2022-11-22 12:31:15,565 [ERROR] LogOutputStream:74 - [STDERR_REDIRECT] 	at java.base/jdk.internal.reflect.NativeMethodAccessorImpl.invoke0(Native Method)
2022-11-22 12:31:15,568 [ERROR] LogOutputStream:74 - [STDERR_REDIRECT] 	at java.base/jdk.internal.reflect.NativeMethodAccessorImpl.invoke(NativeMethodAccessorImpl.java:62)
2022-11-22 12:31:15,571 [ERROR] LogOutputStream:74 - [STDERR_REDIRECT] 	at java.base/jdk.internal.reflect.DelegatingMethodAccessorImpl.invoke(DelegatingMethodAccessorImpl.java:43)
2022-11-22 12:31:15,572 [ERROR] LogOutputStream:74 - [STDERR_REDIRECT] 	at java.base/java.lang.reflect.Method.invoke(Method.java:566)
2022-11-22 12:31:15,575 [ERROR] LogOutputStream:74 - [STDERR_REDIRECT] 	at org.eclipse.equinox.launcher.Main.invokeFramework(Main.java:659)
2022-11-22 12:31:15,577 [ERROR] LogOutputStream:74 - [STDERR_REDIRECT] 	at org.eclipse.equinox.launcher.Main.basicRun(Main.java:596)
2022-11-22 12:31:15,579 [ERROR] LogOutputStream:74 - [STDERR_REDIRECT] 	at org.eclipse.equinox.launcher.Main.run(Main.java:1467)
