2021-04-07 23:23:38,150 [INFO] Activator:170 - 


2021-04-07 23:23:38,155 [INFO] Activator:171 - !SESSION log4j initialized
2021-04-07 23:30:32,694 [INFO] Activator:170 - 


2021-04-07 23:30:32,697 [INFO] Activator:171 - !SESSION log4j initialized
2021-04-07 23:30:41,815 [INFO] McuFinderGlobals:39 - Set McuFinder mode to 2 (CubeIDE integrated)
2021-04-07 23:30:42,708 [INFO] ApplicationProperties:181 - Using Application install path: C:\ST\STM32CubeIDE_1.6.0\STM32CubeIDE\plugins\com.st.stm32cube.common.mx_6.2.0.202102191602
2021-04-07 23:30:42,731 [INFO] DbMcusXml:74 - Set database path to: C:\ST\STM32CubeIDE_1.6.0\STM32CubeIDE\plugins\com.st.stm32cube.common.mx_6.2.0.202102191602\\db\/mcu/
2021-04-07 23:30:42,737 [INFO] DbBoardsPdsc:56 - Set plugin database path to: C:\ST\STM32CubeIDE_1.6.0\STM32CubeIDE\plugins\com.st.stm32cube.common.mx_6.2.0.202102191602\\db\/plugins/boardmanager/
2021-04-07 23:30:42,738 [INFO] DbMcus:258 - Set plugin images path to: C:\ST\STM32CubeIDE_1.6.0\STM32CubeIDE\plugins\com.st.stm32cube.common.mx_6.2.0.202102191602\\db\/plugins/mcufinder/images/
2021-04-07 23:30:42,738 [INFO] DbBoards:264 - Set plugin images path to: C:\ST\STM32CubeIDE_1.6.0\STM32CubeIDE\plugins\com.st.stm32cube.common.mx_6.2.0.202102191602\\db\/plugins/mcufinder/images/
2021-04-07 23:30:42,742 [INFO] DbExamples:333 - Set plugin images path to: C:\ST\STM32CubeIDE_1.6.0\STM32CubeIDE\plugins\com.st.stm32cube.common.mx_6.2.0.202102191602\\db\/plugins/mcufinder/images/
2021-04-07 23:30:45,437 [WARN] ApiFinderProperties:104 - C:\Users\kevin\.stmcufinder\plugins\mcufinder\mcu\mcuFinder.mfd doesn't exist
2021-04-07 23:30:45,440 [INFO] DbMcusAds:85 - Set database path to: C:\Users\kevin\.stmcufinder\plugins\mcufinder//mcu/
2021-04-07 23:30:45,442 [INFO] DbMcusDocs:110 - Set database path to: C:\Users\kevin\.stmcufinder\plugins\mcufinder//mcu/
2021-04-07 23:30:45,446 [INFO] DbMcusJson:65 - Set database path to: C:\Users\kevin\.stmcufinder\plugins\mcufinder//mcu/
2021-04-07 23:30:45,448 [INFO] DbBoardsDocs:110 - Set database path to: C:\Users\kevin\.stmcufinder\plugins\mcufinder//mcu/
2021-04-07 23:30:45,452 [INFO] DbBoardsJson:58 - Set database path to: C:\Users\kevin\.stmcufinder\plugins\mcufinder//mcu/
2021-04-07 23:30:45,458 [INFO] CrossReferenceDbSqlite:196 - Set database path to: C:\Users\kevin\.stmcufinder\plugins\mcufinder//mcu/cs/
2021-04-07 23:30:45,464 [INFO] DbExamplesSqlite:690 - Set database path to: C:\Users\kevin\.stmcufinder\plugins\mcufinder//mcu/
2021-04-07 23:30:45,671 [INFO] RulesReader:52 - Compatibility file has been processed (237 Rules)
2021-04-07 23:30:46,015 [INFO] MicroXplorer:622 - Detected Java Version = 11.0.9.1
2021-04-07 23:30:46,016 [INFO] DbMcusXml:74 - Set database path to: C:\ST\STM32CubeIDE_1.6.0\STM32CubeIDE\plugins\com.st.stm32cube.common.mx_6.2.0.202102191602\\db\/mcu/
2021-04-07 23:30:46,016 [INFO] DbBoardsPdsc:56 - Set plugin database path to: C:\ST\STM32CubeIDE_1.6.0\STM32CubeIDE\plugins\com.st.stm32cube.common.mx_6.2.0.202102191602\\db\/plugins/boardmanager/
2021-04-07 23:30:46,017 [INFO] DbMcus:258 - Set plugin images path to: C:\ST\STM32CubeIDE_1.6.0\STM32CubeIDE\plugins\com.st.stm32cube.common.mx_6.2.0.202102191602\\db\/plugins/mcufinder/images/
2021-04-07 23:30:46,017 [INFO] DbBoards:264 - Set plugin images path to: C:\ST\STM32CubeIDE_1.6.0\STM32CubeIDE\plugins\com.st.stm32cube.common.mx_6.2.0.202102191602\\db\/plugins/mcufinder/images/
2021-04-07 23:30:46,018 [INFO] DbExamples:333 - Set plugin images path to: C:\ST\STM32CubeIDE_1.6.0\STM32CubeIDE\plugins\com.st.stm32cube.common.mx_6.2.0.202102191602\\db\/plugins/mcufinder/images/
2021-04-07 23:30:46,018 [WARN] DbFile:35 - Overriding database path with different value: C:\Users\kevin\.stmcufinder\plugins\mcufinder/ => C:\Users\kevin\.stmcufinder\plugins\mcufinder
2021-04-07 23:30:46,018 [INFO] DbMcusAds:85 - Set database path to: C:\Users\kevin\.stmcufinder\plugins\mcufinder//mcu/
2021-04-07 23:30:46,019 [WARN] DbFile:35 - Overriding database path with different value: C:\Users\kevin\.stmcufinder\plugins\mcufinder/ => C:\Users\kevin\.stmcufinder\plugins\mcufinder
2021-04-07 23:30:46,019 [INFO] DbMcusDocs:110 - Set database path to: C:\Users\kevin\.stmcufinder\plugins\mcufinder//mcu/
2021-04-07 23:30:46,019 [WARN] DbFile:35 - Overriding database path with different value: C:\Users\kevin\.stmcufinder\plugins\mcufinder/ => C:\Users\kevin\.stmcufinder\plugins\mcufinder
2021-04-07 23:30:46,019 [INFO] DbMcusJson:65 - Set database path to: C:\Users\kevin\.stmcufinder\plugins\mcufinder//mcu/
2021-04-07 23:30:46,020 [WARN] DbFile:35 - Overriding database path with different value: C:\Users\kevin\.stmcufinder\plugins\mcufinder/ => C:\Users\kevin\.stmcufinder\plugins\mcufinder
2021-04-07 23:30:46,020 [INFO] DbBoardsDocs:110 - Set database path to: C:\Users\kevin\.stmcufinder\plugins\mcufinder//mcu/
2021-04-07 23:30:46,020 [WARN] DbFile:35 - Overriding database path with different value: C:\Users\kevin\.stmcufinder\plugins\mcufinder/ => C:\Users\kevin\.stmcufinder\plugins\mcufinder
2021-04-07 23:30:46,020 [INFO] DbBoardsJson:58 - Set database path to: C:\Users\kevin\.stmcufinder\plugins\mcufinder//mcu/
2021-04-07 23:30:46,020 [WARN] DbFile:35 - Overriding database path with different value: C:\Users\kevin\.stmcufinder\plugins\mcufinder/ => C:\Users\kevin\.stmcufinder\plugins\mcufinder
2021-04-07 23:30:46,021 [WARN] DbFile:35 - Overriding database path with different value: C:\Users\kevin\.stmcufinder\plugins\mcufinder/ => C:\Users\kevin\.stmcufinder\plugins\mcufinder
2021-04-07 23:30:46,021 [INFO] CrossReferenceDbSqlite:196 - Set database path to: C:\Users\kevin\.stmcufinder\plugins\mcufinder//mcu/cs/
2021-04-07 23:30:46,021 [WARN] DbFile:35 - Overriding database path with different value: C:\Users\kevin\.stmcufinder\plugins\mcufinder/ => C:\Users\kevin\.stmcufinder\plugins\mcufinder
2021-04-07 23:30:46,021 [INFO] DbExamplesSqlite:690 - Set database path to: C:\Users\kevin\.stmcufinder\plugins\mcufinder//mcu/
2021-04-07 23:30:46,239 [INFO] MainPanel:204 - HeapMemory: 268435456
2021-04-07 23:30:46,429 [INFO] DbMcusXml:74 - Set database path to: C:\ST\STM32CubeIDE_1.6.0\STM32CubeIDE\plugins\com.st.stm32cube.common.mx_6.2.0.202102191602\\db\/mcu/
2021-04-07 23:30:46,430 [INFO] DbBoardsPdsc:56 - Set plugin database path to: C:\ST\STM32CubeIDE_1.6.0\STM32CubeIDE\plugins\com.st.stm32cube.common.mx_6.2.0.202102191602\\db\/plugins/boardmanager/
2021-04-07 23:30:46,430 [INFO] DbMcus:258 - Set plugin images path to: C:\ST\STM32CubeIDE_1.6.0\STM32CubeIDE\plugins\com.st.stm32cube.common.mx_6.2.0.202102191602\\db\/plugins/mcufinder/images/
2021-04-07 23:30:46,431 [INFO] DbBoards:264 - Set plugin images path to: C:\ST\STM32CubeIDE_1.6.0\STM32CubeIDE\plugins\com.st.stm32cube.common.mx_6.2.0.202102191602\\db\/plugins/mcufinder/images/
2021-04-07 23:30:46,431 [INFO] DbExamples:333 - Set plugin images path to: C:\ST\STM32CubeIDE_1.6.0\STM32CubeIDE\plugins\com.st.stm32cube.common.mx_6.2.0.202102191602\\db\/plugins/mcufinder/images/
2021-04-07 23:30:46,432 [WARN] DbFile:35 - Overriding database path with different value: C:\Users\kevin\.stmcufinder\plugins\mcufinder/ => C:\Users\kevin\.stmcufinder\plugins\mcufinder
2021-04-07 23:30:46,433 [INFO] DbMcusAds:85 - Set database path to: C:\Users\kevin\.stmcufinder\plugins\mcufinder//mcu/
2021-04-07 23:30:46,433 [WARN] DbFile:35 - Overriding database path with different value: C:\Users\kevin\.stmcufinder\plugins\mcufinder/ => C:\Users\kevin\.stmcufinder\plugins\mcufinder
2021-04-07 23:30:46,433 [INFO] DbMcusDocs:110 - Set database path to: C:\Users\kevin\.stmcufinder\plugins\mcufinder//mcu/
2021-04-07 23:30:46,433 [WARN] DbFile:35 - Overriding database path with different value: C:\Users\kevin\.stmcufinder\plugins\mcufinder/ => C:\Users\kevin\.stmcufinder\plugins\mcufinder
2021-04-07 23:30:46,433 [INFO] DbMcusJson:65 - Set database path to: C:\Users\kevin\.stmcufinder\plugins\mcufinder//mcu/
2021-04-07 23:30:46,433 [WARN] DbFile:35 - Overriding database path with different value: C:\Users\kevin\.stmcufinder\plugins\mcufinder/ => C:\Users\kevin\.stmcufinder\plugins\mcufinder
2021-04-07 23:30:46,434 [INFO] DbBoardsDocs:110 - Set database path to: C:\Users\kevin\.stmcufinder\plugins\mcufinder//mcu/
2021-04-07 23:30:46,434 [WARN] DbFile:35 - Overriding database path with different value: C:\Users\kevin\.stmcufinder\plugins\mcufinder/ => C:\Users\kevin\.stmcufinder\plugins\mcufinder
2021-04-07 23:30:46,434 [INFO] DbBoardsJson:58 - Set database path to: C:\Users\kevin\.stmcufinder\plugins\mcufinder//mcu/
2021-04-07 23:30:46,434 [WARN] DbFile:35 - Overriding database path with different value: C:\Users\kevin\.stmcufinder\plugins\mcufinder/ => C:\Users\kevin\.stmcufinder\plugins\mcufinder
2021-04-07 23:30:46,434 [WARN] DbFile:35 - Overriding database path with different value: C:\Users\kevin\.stmcufinder\plugins\mcufinder/ => C:\Users\kevin\.stmcufinder\plugins\mcufinder
2021-04-07 23:30:46,435 [INFO] CrossReferenceDbSqlite:196 - Set database path to: C:\Users\kevin\.stmcufinder\plugins\mcufinder//mcu/cs/
2021-04-07 23:30:46,435 [WARN] DbFile:35 - Overriding database path with different value: C:\Users\kevin\.stmcufinder\plugins\mcufinder/ => C:\Users\kevin\.stmcufinder\plugins\mcufinder
2021-04-07 23:30:46,435 [INFO] DbExamplesSqlite:690 - Set database path to: C:\Users\kevin\.stmcufinder\plugins\mcufinder//mcu/
2021-04-07 23:30:46,482 [INFO] ApplicationProperties:181 - Using Application install path: C:\ST\STM32CubeIDE_1.6.0\STM32CubeIDE\plugins\com.st.stm32cube.common.mx_6.2.0.202102191602
2021-04-07 23:30:46,484 [INFO] PluginManage:178 - Search for loadable plugins [exclusion list=, ]
2021-04-07 23:30:46,487 [INFO] PluginManage:292 - Check plugin analytics
2021-04-07 23:30:46,883 [INFO] AnalyticsPlugin:233 - Accepted Software Licenses: 
2021-04-07 23:30:46,884 [INFO] AnalyticsPlugin:235 - Accepted CMSIS Pack Licenses: 
2021-04-07 23:30:46,885 [INFO] AnalyticsPlugin:237 - Accepted Firmware Licenses: 
2021-04-07 23:30:46,886 [INFO] PluginManage:342 - Loaded plugin analytics (category:tool,tabindex:-1)
2021-04-07 23:30:46,887 [INFO] PluginManage:292 - Check plugin clock
2021-04-07 23:30:46,918 [INFO] PluginManage:342 - Loaded plugin clock (category:base,tabindex:2)
2021-04-07 23:30:46,919 [INFO] PluginManage:292 - Check plugin ddr
2021-04-07 23:30:46,923 [INFO] PluginManage:342 - Loaded plugin ddr (category:tool,tabindex:6)
2021-04-07 23:30:46,923 [INFO] PluginManage:292 - Check plugin filemanager
2021-04-07 23:30:47,171 [INFO] PluginManage:342 - Loaded plugin filemanager (category:base,tabindex:10)
2021-04-07 23:30:47,172 [INFO] PluginManage:292 - Check plugin ipmanager
2021-04-07 23:30:47,207 [INFO] PluginManage:342 - Loaded plugin ipmanager (category:base,tabindex:5)
2021-04-07 23:30:47,208 [INFO] PluginManage:292 - Check plugin pinoutandconfiguration
2021-04-07 23:30:47,224 [INFO] PluginManage:342 - Loaded plugin pinoutandconfiguration (category:base,tabindex:1)
2021-04-07 23:30:47,224 [INFO] PluginManage:292 - Check plugin pinoutconfig
2021-04-07 23:30:47,279 [INFO] PluginManage:342 - Loaded plugin pinoutconfig (category:base,tabindex:0)
2021-04-07 23:30:47,279 [INFO] PluginManage:292 - Check plugin power
2021-04-07 23:30:47,299 [INFO] PluginManage:342 - Loaded plugin power (category:power,tabindex:4)
2021-04-07 23:30:47,299 [INFO] PluginManage:292 - Check plugin projectmanager
2021-04-07 23:30:47,333 [INFO] PluginManage:342 - Loaded plugin projectmanager (category:projectmanager,tabindex:3)
2021-04-07 23:30:47,334 [INFO] PluginManage:292 - Check plugin thirdparty
2021-04-07 23:30:47,544 [INFO] PluginManage:342 - Loaded plugin thirdparty (category:base,tabindex:-1)
2021-04-07 23:30:47,544 [INFO] PluginManage:292 - Check plugin tools
2021-04-07 23:30:47,544 [WARN] IntegrityCheckThread:59 - waiting for thirdparty lock release [integrity check]
2021-04-07 23:30:47,546 [INFO] IntegrityCheckThread:61 - entering critical section [integrity check]
2021-04-07 23:30:47,547 [INFO] ThirdPartyUpdaterWithRetryManager:56 - Updater plugin not ready yet. [1/15]
2021-04-07 23:30:47,549 [INFO] PluginManage:342 - Loaded plugin tools (category:base,tabindex:7)
2021-04-07 23:30:47,549 [INFO] PluginManage:292 - Check plugin tutovideos
2021-04-07 23:30:48,021 [INFO] PluginManage:342 - Loaded plugin tutovideos (category:base,tabindex:-1)
2021-04-07 23:30:48,022 [INFO] PluginManage:292 - Check plugin updater
2021-04-07 23:30:48,043 [INFO] PluginManage:342 - Loaded plugin updater (category:base,tabindex:12)
2021-04-07 23:30:48,045 [INFO] PluginManage:265 - PluginManage : Loaded plugins [13]
2021-04-07 23:30:48,614 [INFO] PinOutPanel:1435 - setPackage(No Configuration,No Configuration)
2021-04-07 23:30:48,886 [INFO] IPUIPlugin:64 - create IPUIPlugin
2021-04-07 23:30:48,886 [INFO] PluginManager:203 - loadIPPluginJar : add adc
2021-04-07 23:30:48,894 [INFO] IPUIPlugin:64 - create IPUIPlugin
2021-04-07 23:30:48,894 [INFO] PluginManager:203 - loadIPPluginJar : add aes
2021-04-07 23:30:48,900 [INFO] IPUIPlugin:64 - create IPUIPlugin
2021-04-07 23:30:48,900 [INFO] PluginManager:203 - loadIPPluginJar : add can
2021-04-07 23:30:48,903 [INFO] IPUIPlugin:64 - create IPUIPlugin
2021-04-07 23:30:48,903 [INFO] PluginManager:203 - loadIPPluginJar : add comp
2021-04-07 23:30:48,909 [INFO] IPUIPlugin:64 - create IPUIPlugin
2021-04-07 23:30:48,909 [INFO] PluginManager:203 - loadIPPluginJar : add cryp
2021-04-07 23:30:48,913 [INFO] IPUIPlugin:64 - create IPUIPlugin
2021-04-07 23:30:48,914 [INFO] PluginManager:203 - loadIPPluginJar : add dfsdm
2021-04-07 23:30:48,922 [INFO] IPUIPlugin:64 - create IPUIPlugin
2021-04-07 23:30:48,924 [INFO] PluginManager:203 - loadIPPluginJar : add dma
2021-04-07 23:30:48,928 [INFO] IPUIPlugin:64 - create IPUIPlugin
2021-04-07 23:30:48,928 [INFO] PluginManager:203 - loadIPPluginJar : add fatfs
2021-04-07 23:30:48,935 [INFO] IPUIPlugin:64 - create IPUIPlugin
2021-04-07 23:30:48,936 [INFO] PluginManager:203 - loadIPPluginJar : add fmc
2021-04-07 23:30:48,945 [INFO] IPUIPlugin:64 - create IPUIPlugin
2021-04-07 23:30:48,946 [INFO] PluginManager:203 - loadIPPluginJar : add freertos
2021-04-07 23:30:48,948 [INFO] IPUIPlugin:64 - create IPUIPlugin
2021-04-07 23:30:48,949 [INFO] PluginManager:203 - loadIPPluginJar : add genericplugin
2021-04-07 23:30:48,952 [INFO] IPUIPlugin:64 - create IPUIPlugin
2021-04-07 23:30:48,952 [INFO] PluginManager:203 - loadIPPluginJar : add gfxmmu
2021-04-07 23:30:48,961 [INFO] IPUIPlugin:64 - create IPUIPlugin
2021-04-07 23:30:48,962 [INFO] PluginManager:203 - loadIPPluginJar : add gic
2021-04-07 23:30:48,968 [INFO] IPUIPlugin:64 - create IPUIPlugin
2021-04-07 23:30:48,969 [INFO] PluginManager:203 - loadIPPluginJar : add gpio
2021-04-07 23:30:48,973 [INFO] IPUIPlugin:64 - create IPUIPlugin
2021-04-07 23:30:48,973 [INFO] PluginManager:203 - loadIPPluginJar : add gtzc
2021-04-07 23:30:48,977 [INFO] IPUIPlugin:64 - create IPUIPlugin
2021-04-07 23:30:48,977 [INFO] PluginManager:203 - loadIPPluginJar : add hash
2021-04-07 23:30:48,982 [INFO] IPUIPlugin:64 - create IPUIPlugin
2021-04-07 23:30:48,982 [INFO] PluginManager:203 - loadIPPluginJar : add i2c
2021-04-07 23:30:48,986 [INFO] IPUIPlugin:64 - create IPUIPlugin
2021-04-07 23:30:48,986 [INFO] PluginManager:203 - loadIPPluginJar : add i2s
2021-04-07 23:30:48,991 [INFO] IPUIPlugin:64 - create IPUIPlugin
2021-04-07 23:30:48,991 [INFO] PluginManager:203 - loadIPPluginJar : add ipddr
2021-04-07 23:30:48,996 [INFO] IPUIPlugin:64 - create IPUIPlugin
2021-04-07 23:30:48,997 [INFO] PluginManager:203 - loadIPPluginJar : add lorawan
2021-04-07 23:30:48,999 [INFO] IPUIPlugin:64 - create IPUIPlugin
2021-04-07 23:30:49,000 [INFO] PluginManager:203 - loadIPPluginJar : add ltdc
2021-04-07 23:30:49,006 [INFO] IPUIPlugin:64 - create IPUIPlugin
2021-04-07 23:30:49,006 [INFO] PluginManager:203 - loadIPPluginJar : add mdma
2021-04-07 23:30:49,012 [INFO] IPUIPlugin:64 - create IPUIPlugin
2021-04-07 23:30:49,013 [INFO] PluginManager:203 - loadIPPluginJar : add nvic
2021-04-07 23:30:49,018 [INFO] IPUIPlugin:64 - create IPUIPlugin
2021-04-07 23:30:49,018 [INFO] PluginManager:203 - loadIPPluginJar : add opamp
2021-04-07 23:30:49,022 [INFO] IPUIPlugin:64 - create IPUIPlugin
2021-04-07 23:30:49,023 [INFO] PluginManager:203 - loadIPPluginJar : add openamp
2021-04-07 23:30:49,029 [INFO] IPUIPlugin:64 - create IPUIPlugin
2021-04-07 23:30:49,029 [INFO] PluginManager:203 - loadIPPluginJar : add pdm2pcm
2021-04-07 23:30:49,039 [INFO] IPUIPlugin:64 - create IPUIPlugin
2021-04-07 23:30:49,045 [INFO] PluginManager:203 - loadIPPluginJar : add plateformsettings
2021-04-07 23:30:49,048 [INFO] IPUIPlugin:64 - create IPUIPlugin
2021-04-07 23:30:49,048 [INFO] PluginManager:203 - loadIPPluginJar : add quadspi
2021-04-07 23:30:49,053 [INFO] IPUIPlugin:64 - create IPUIPlugin
2021-04-07 23:30:49,053 [INFO] PluginManager:203 - loadIPPluginJar : add resmgrutility
2021-04-07 23:30:49,059 [INFO] IPUIPlugin:64 - create IPUIPlugin
2021-04-07 23:30:49,059 [INFO] PluginManager:203 - loadIPPluginJar : add sai
2021-04-07 23:30:49,063 [INFO] IPUIPlugin:64 - create IPUIPlugin
2021-04-07 23:30:49,064 [INFO] PluginManager:203 - loadIPPluginJar : add spi
2021-04-07 23:30:49,071 [INFO] IPUIPlugin:64 - create IPUIPlugin
2021-04-07 23:30:49,071 [INFO] PluginManager:203 - loadIPPluginJar : add stm32_wpan
2021-04-07 23:30:49,074 [INFO] IPUIPlugin:64 - create IPUIPlugin
2021-04-07 23:30:49,074 [INFO] PluginManager:203 - loadIPPluginJar : add tim
2021-04-07 23:30:49,080 [INFO] IPUIPlugin:64 - create IPUIPlugin
2021-04-07 23:30:49,080 [INFO] PluginManager:203 - loadIPPluginJar : add touchsensing
2021-04-07 23:30:49,084 [INFO] IPUIPlugin:64 - create IPUIPlugin
2021-04-07 23:30:49,084 [INFO] PluginManager:203 - loadIPPluginJar : add tracer_emb
2021-04-07 23:30:49,088 [INFO] IPUIPlugin:64 - create IPUIPlugin
2021-04-07 23:30:49,088 [INFO] PluginManager:203 - loadIPPluginJar : add ts
2021-04-07 23:30:49,092 [INFO] IPUIPlugin:64 - create IPUIPlugin
2021-04-07 23:30:49,093 [INFO] PluginManager:203 - loadIPPluginJar : add tsc
2021-04-07 23:30:49,096 [INFO] IPUIPlugin:64 - create IPUIPlugin
2021-04-07 23:30:49,096 [INFO] PluginManager:203 - loadIPPluginJar : add ucpd
2021-04-07 23:30:49,102 [INFO] IPUIPlugin:64 - create IPUIPlugin
2021-04-07 23:30:49,102 [INFO] PluginManager:203 - loadIPPluginJar : add usart
2021-04-07 23:30:49,679 [FATAL] Updater:284 - Updater called before beeing initialized
2021-04-07 23:30:49,969 [FATAL] Updater:284 - Updater called before beeing initialized
2021-04-07 23:30:49,977 [INFO] DbMcusAds:132 - JSON generation date=Thu Feb 11 06:55:24 PST 2021 (1613055324029)
2021-04-07 23:30:49,977 [FATAL] Updater:284 - Updater called before beeing initialized
2021-04-07 23:30:50,052 [WARN] DetailPanel:315 - Failed to get advertising image, set to default
2021-04-07 23:30:50,553 [INFO] ThirdPartyUpdaterWithRetryManager:56 - Updater plugin not ready yet. [2/15]
2021-04-07 23:30:50,620 [FATAL] Updater:284 - Updater called before beeing initialized
2021-04-07 23:30:50,625 [FATAL] Updater:284 - Updater called before beeing initialized
2021-04-07 23:30:50,625 [FATAL] Updater:284 - Updater called before beeing initialized
2021-04-07 23:30:50,626 [WARN] DetailPanel:315 - Failed to get advertising image, set to default
2021-04-07 23:30:50,628 [FATAL] Updater:284 - Updater called before beeing initialized
2021-04-07 23:30:50,770 [FATAL] Updater:284 - Updater called before beeing initialized
2021-04-07 23:30:50,771 [WARN] ThirdParty:796 - waiting for thirdparty lock release [close project]
2021-04-07 23:30:53,559 [FATAL] Updater:284 - Updater called before beeing initialized
2021-04-07 23:30:53,560 [ERROR] AbstractThirdPartyUpdaterManager:153 - class java.lang.Integer cannot be cast to class java.util.List (java.lang.Integer and java.util.List are in module java.base of loader 'bootstrap')
2021-04-07 23:30:53,560 [INFO] ThirdParty:900 - Integrity check success = false
2021-04-07 23:30:53,561 [INFO] IntegrityCheckThread:75 - exiting critical section [integrity check]
2021-04-07 23:30:53,562 [INFO] IntegrityCheckThread:78 - End integrity checks thread
2021-04-07 23:30:53,562 [INFO] ThirdParty:798 - entering critical section [close project]
2021-04-07 23:30:53,568 [INFO] ThirdParty:809 - exiting critical section [close project]
2021-04-07 23:30:53,583 [INFO] PinOutPanel:1435 - setPackage(No Configuration,No Configuration)
2021-04-07 23:30:53,586 [FATAL] Updater:284 - Updater called before beeing initialized
2021-04-07 23:30:53,610 [INFO] Updater:1002 - Updater Version found : 6.2.0
2021-04-07 23:30:53,649 [INFO] ApplicationProperties:181 - Using Application install path: C:\ST\STM32CubeIDE_1.6.0\STM32CubeIDE\plugins\com.st.stm32cube.common.mx_6.2.0.202102191602
2021-04-07 23:30:53,717 [INFO] MainUpdater:479 - Copy updater definitions from MX database
2021-04-07 23:30:53,774 [INFO] MainUpdater:512 - Copy flag file definitions from MX database
2021-04-07 23:30:53,785 [INFO] MainUpdater:528 - Copy thirdparty index definitions from MX database
2021-04-07 23:30:53,790 [INFO] MainUpdater:547 - Copy default thirdparty db definitions from MX database
2021-04-07 23:30:53,859 [INFO] MainUpdater:2661 - connection check result : 10
2021-04-07 23:30:53,860 [INFO] MainUpdater:3349 - Updater definition file requires update
2021-04-07 23:30:53,863 [INFO] MainUpdater:255 - Updater Check For Update Now.
2021-04-07 23:30:53,865 [INFO] MicroXplorer:472 - Change Database Version : DB.6.0.20
2021-04-07 23:30:53,899 [INFO] ServerAccessManage:348 - Download File updaters.zip
2021-04-07 23:30:54,039 [INFO] FileExtend:225 - Unzip File : updaters.zip
2021-04-07 23:30:54,040 [INFO] FileExtend:240 - Standard Zip Deflate
2021-04-07 23:30:58,010 [INFO] ServerAccessManage:348 - Download File PacksControlFlags.xml
2021-04-07 23:30:58,107 [INFO] ServerAccessManage:348 - Download File cubemx.pidx
2021-04-07 23:30:58,281 [INFO] ServerAccessManage:348 - Download File STMicroelectronics.X-CUBE-AI.pdsc
2021-04-07 23:30:58,549 [INFO] ServerAccessManage:348 - Download File STMicroelectronics.X-CUBE-BLE1.pdsc
2021-04-07 23:30:59,060 [ERROR] ServerAccessManage:947 - Problem, file not found on Server
2021-04-07 23:30:59,083 [INFO] ServerAccessManage:348 - Download File STMicroelectronics.X-CUBE-BLE2.pdsc
2021-04-07 23:30:59,742 [INFO] ServerAccessManage:348 - Download File STMicroelectronics.X-CUBE-DISPLAY.pdsc
2021-04-07 23:30:59,823 [INFO] ServerAccessManage:348 - Download File STMicroelectronics.X-CUBE-EEPRMA1.pdsc
2021-04-07 23:30:59,909 [INFO] ServerAccessManage:348 - Download File STMicroelectronics.X-CUBE-GNSS1.pdsc
2021-04-07 23:31:00,484 [ERROR] ServerAccessManage:947 - Problem, file not found on Server
2021-04-07 23:31:00,791 [ERROR] ServerAccessManage:947 - Problem, file not found on Server
2021-04-07 23:31:01,084 [ERROR] ServerAccessManage:947 - Problem, file not found on Server
2021-04-07 23:31:01,412 [ERROR] ServerAccessManage:947 - Problem, file not found on Server
2021-04-07 23:31:01,708 [ERROR] ServerAccessManage:947 - Problem, file not found on Server
2021-04-07 23:31:01,877 [ERROR] ServerAccessManage:947 - Problem, file not found on Server
2021-04-07 23:31:01,901 [INFO] ServerAccessManage:348 - Download File STMicroelectronics.X-CUBE-MEMS1.pdsc
2021-04-07 23:31:02,456 [INFO] ServerAccessManage:348 - Download File STMicroelectronics.X-CUBE-NFC4.pdsc
2021-04-07 23:31:02,753 [INFO] ServerAccessManage:348 - Download File STMicroelectronics.X-CUBE-SFXS2LP1.pdsc
2021-04-07 23:31:02,895 [INFO] ServerAccessManage:348 - Download File STMicroelectronics.X-CUBE-SUBG2.pdsc
2021-04-07 23:31:03,448 [INFO] ServerAccessManage:348 - Download File STMicroelectronics.X-CUBE-TOF1.pdsc
2021-04-07 23:31:03,542 [INFO] ServerAccessManage:348 - Download File STMicroelectronics.X-CUBE-TOUCHGFX.pdsc
2021-04-07 23:31:03,943 [INFO] ServerAccessManage:348 - Download File STMicroelectronics.X-CUBE-ALGOBUILD.pdsc
2021-04-07 23:31:04,110 [INFO] ServerAccessManage:348 - Download File STMicroelectronics.X-CUBE-AZRTOS-H7.pdsc
2021-04-07 23:31:04,654 [INFO] ServerAccessManage:348 - Download File wolfSSL.I-CUBE-wolfSSL.pdsc
2021-04-07 23:31:04,766 [INFO] MainUpdater:2661 - connection check result : 10
2021-04-07 23:31:07,869 [ERROR] ServerAccessManage:947 - Problem, file not found on Server
2021-04-07 23:31:09,067 [ERROR] ServerAccessManage:947 - Problem, file not found on Server
2021-04-07 23:31:09,699 [ERROR] ServerAccessManage:947 - Problem, file not found on Server
2021-04-07 23:31:10,151 [INFO] ServerAccessManage:348 - Download File RoweBots.I-CUBE-UNISONRTOS.pdsc
2021-04-07 23:31:11,472 [ERROR] ServerAccessManage:947 - Problem, file not found on Server
2021-04-07 23:31:12,187 [ERROR] ServerAccessManage:947 - Problem, file not found on Server
2021-04-07 23:31:12,912 [ERROR] ServerAccessManage:947 - Problem, file not found on Server
2021-04-07 23:31:13,966 [ERROR] ServerAccessManage:947 - Problem, file not found on Server
2021-04-07 23:31:14,098 [WARN] PackLoader:226 - Cannot read IP mode file for STMicroelectronics.X-CUBE-AI.6.0.0
2021-04-07 23:31:14,105 [INFO] CheckServerUpdateThread:102 - End of CheckServer Thread
2021-04-07 23:31:14,119 [WARN] PackLoader:226 - Cannot read IP mode file for STMicroelectronics.X-CUBE-BLE1.6.1.0
2021-04-07 23:31:14,140 [WARN] PackLoader:226 - Cannot read IP mode file for STMicroelectronics.X-CUBE-BLE2.3.2.0
2021-04-07 23:31:14,165 [WARN] PackLoader:226 - Cannot read IP mode file for STMicroelectronics.X-CUBE-DISPLAY.1.0.0
2021-04-07 23:31:14,185 [WARN] PackLoader:226 - Cannot read IP mode file for STMicroelectronics.X-CUBE-EEPRMA1.3.0.0
2021-04-07 23:31:14,204 [WARN] PackLoader:226 - Cannot read IP mode file for STMicroelectronics.X-CUBE-GNSS1.5.2.0
2021-04-07 23:31:14,376 [WARN] PackLoader:226 - Cannot read IP mode file for STMicroelectronics.X-CUBE-MEMS1.8.3.0
2021-04-07 23:31:14,630 [INFO] CrossSelectorPresenter:1330 - Cross Selector saved comparison directory: C:\Users\kevin\.stmcufinder\plugins\mcufinder\mcu\cs_comparisons_mx
2021-04-07 23:31:14,642 [INFO] MultiScanPanel:200 - Auto-refresh data requested => check proxy status ongoing
2021-04-07 23:31:14,648 [INFO] FinderPluginLoader:87 - Searching for filters in installed packs
2021-04-07 23:31:14,650 [INFO] DbMcusXml:100 - Load MCU database from C:\ST\STM32CubeIDE_1.6.0\STM32CubeIDE\plugins\com.st.stm32cube.common.mx_6.2.0.202102191602\\db\/mcu/families.xml
2021-04-07 23:31:14,822 [WARN] PackLoader:226 - Cannot read IP mode file for STMicroelectronics.X-CUBE-NFC4.2.0.2
2021-04-07 23:31:14,842 [WARN] PackLoader:226 - Cannot read IP mode file for STMicroelectronics.X-CUBE-SFXS2LP1.3.0.0
2021-04-07 23:31:14,866 [WARN] PackLoader:226 - Cannot read IP mode file for STMicroelectronics.X-CUBE-SUBG2.4.0.0
2021-04-07 23:31:14,885 [WARN] PackLoader:226 - Cannot read IP mode file for STMicroelectronics.X-CUBE-TOF1.1.0.0
2021-04-07 23:31:14,896 [WARN] PackLoader:226 - Cannot read IP mode file for STMicroelectronics.X-CUBE-TOUCHGFX.4.16.1
2021-04-07 23:31:14,913 [WARN] PackLoader:226 - Cannot read IP mode file for STMicroelectronics.X-CUBE-ALGOBUILD.1.2.0
2021-04-07 23:31:14,958 [WARN] PackLoader:226 - Cannot read IP mode file for STMicroelectronics.X-CUBE-AZRTOS-H7.1.0.0
2021-04-07 23:31:14,982 [WARN] PackLoader:226 - Cannot read IP mode file for wolfSSL.I-CUBE-wolfSSL.4.7.0
2021-04-07 23:31:15,000 [WARN] PackLoader:226 - Cannot read IP mode file for RoweBots.I-CUBE-UNISONRTOS.5.5.0-4
2021-04-07 23:31:15,004 [INFO] PopulateThirdPartyThread:50 - Ending populate Thread
2021-04-07 23:31:15,009 [INFO] ThirdParty:952 - CMSIS Pack Vendor :RoweBots I-CUBE-UNISONRTOS 5.5.0-4
2021-04-07 23:31:15,010 [INFO] ThirdParty:952 - CMSIS Pack Vendor :STMicroelectronics X-CUBE-SFXS2LP1 3.0.0
2021-04-07 23:31:15,010 [INFO] ThirdParty:952 - CMSIS Pack Vendor :STMicroelectronics X-CUBE-EEPRMA1 3.0.0
2021-04-07 23:31:15,010 [INFO] ThirdParty:952 - CMSIS Pack Vendor :STMicroelectronics X-CUBE-MEMS1 8.3.0
2021-04-07 23:31:15,010 [INFO] ThirdParty:952 - CMSIS Pack Vendor :STMicroelectronics X-CUBE-DISPLAY 1.0.0
2021-04-07 23:31:15,011 [INFO] ThirdParty:952 - CMSIS Pack Vendor :STMicroelectronics X-CUBE-AI 6.0.0
2021-04-07 23:31:15,011 [INFO] ThirdParty:952 - CMSIS Pack Vendor :STMicroelectronics X-CUBE-ALGOBUILD 1.2.0
2021-04-07 23:31:15,011 [INFO] ThirdParty:952 - CMSIS Pack Vendor :STMicroelectronics X-CUBE-GNSS1 5.2.0
2021-04-07 23:31:15,011 [INFO] ThirdParty:952 - CMSIS Pack Vendor :STMicroelectronics X-CUBE-BLE1 6.1.0
2021-04-07 23:31:15,011 [INFO] ThirdParty:952 - CMSIS Pack Vendor :STMicroelectronics X-CUBE-SUBG2 4.0.0
2021-04-07 23:31:15,011 [INFO] ThirdParty:952 - CMSIS Pack Vendor :STMicroelectronics X-CUBE-NFC4 2.0.2
2021-04-07 23:31:15,012 [INFO] ThirdParty:952 - CMSIS Pack Vendor :STMicroelectronics X-CUBE-TOF1 1.0.0
2021-04-07 23:31:15,012 [INFO] ThirdParty:952 - CMSIS Pack Vendor :STMicroelectronics X-CUBE-TOUCHGFX 4.16.1
2021-04-07 23:31:15,012 [INFO] ThirdParty:952 - CMSIS Pack Vendor :STMicroelectronics X-CUBE-AZRTOS-H7 1.0.0
2021-04-07 23:31:15,012 [INFO] ThirdParty:952 - CMSIS Pack Vendor :wolfSSL I-CUBE-wolfSSL 4.7.0
2021-04-07 23:31:15,012 [INFO] ThirdParty:952 - CMSIS Pack Vendor :STMicroelectronics X-CUBE-BLE2 3.2.0
2021-04-07 23:31:15,014 [INFO] LoadServerUpdatesThread:329 - End of LoadServerUpdate Thread
2021-04-07 23:31:16,041 [INFO] DbMcusJson:94 - JSON generation date=Mon Feb 08 05:35:07 PST 2021 (1612791307)
2021-04-07 23:31:17,603 [INFO] DbMcus:175 - Found 1906 MCUs (1866 are supported by CubeMX, 1866 are visible in CubeMX)
2021-04-07 23:31:17,604 [INFO] ApiDb:242 - User favorites file not found: C:\Users\kevin/.stm32cubeide/favorites.mcus.txt
2021-04-07 23:31:17,604 [INFO] DbMcus:187 - Set 0 / 0 favorites MCUs
2021-04-07 23:31:18,606 [WARN] DetailPanel:315 - Failed to get advertising image, set to default
2021-04-07 23:31:19,463 [INFO] DbBoardsPdsc:90 - Found 24 items
2021-04-07 23:31:19,466 [INFO] DbBoardsPdsc:90 - Found 9 items
2021-04-07 23:31:19,473 [INFO] DbBoardsPdsc:90 - Found 33 items
2021-04-07 23:31:19,475 [INFO] DbBoardsPdsc:90 - Found 1 items
2021-04-07 23:31:19,486 [INFO] DbBoardsPdsc:90 - Found 46 items
2021-04-07 23:31:19,502 [INFO] DbBoardsPdsc:90 - Found 41 items
2021-04-07 23:31:19,505 [INFO] DbBoardsPdsc:90 - Found 2 items
2021-04-07 23:31:19,509 [INFO] DbBoardsPdsc:90 - Found 5 items
2021-04-07 23:31:19,512 [WARN] DbBoardsPdsc:254 - Board NUCLEO-WB15CC: unknown feature type=, name=, username=Three user LEDs, n=1
2021-04-07 23:31:19,513 [WARN] DbBoardsPdsc:254 - Board NUCLEO-WB15CC: unknown feature type=, name=, username=One reset and three user push-buttons, n=1
2021-04-07 23:31:19,513 [WARN] DbBoardsPdsc:254 - Board NUCLEO-WB15CC: unknown feature type=, name=, username=Arduino Uno V3 expansion connector, n=1
2021-04-07 23:31:19,513 [WARN] DbBoardsPdsc:254 - Board NUCLEO-WB15CC: unknown feature type=, name=, username=ST morpho extension pin headers for full access to all STM32WB I/Os, n=1
2021-04-07 23:31:19,513 [WARN] DbBoardsPdsc:254 - Board NUCLEO-WB15CC: unknown feature type=, name=, username=Integrated PCB antenna and SMA connector footprint, n=1
2021-04-07 23:31:19,513 [WARN] DbBoardsPdsc:254 - Board NUCLEO-WB15CC: unknown feature type=, name=, username=Flexible power-supply options: ST-LINK, USB VBUS, or external sources, n=1
2021-04-07 23:31:19,513 [WARN] DbBoardsPdsc:254 - Board NUCLEO-WB15CC: unknown feature type=, name=, username=On-board footprint to mount a CR2032 battery socket, n=1
2021-04-07 23:31:19,513 [WARN] DbBoardsPdsc:254 - Board NUCLEO-WB15CC: unknown feature type=, name=, username=On-board ST-LINK/V2-1 debugger/programmer with USB re-enumeration capability: mass storage, Virtual COM port, and debug port, n=1
2021-04-07 23:31:19,514 [WARN] DbBoardsPdsc:254 - Board NUCLEO-WB15CC: unknown feature type=, name=, username=Comprehensive free software libraries and examples available with the STM32CubeWB MCU Package, n=1
2021-04-07 23:31:19,514 [WARN] DbBoardsPdsc:254 - Board NUCLEO-WB15CC: unknown feature type=, name=, username=Support of a wide choice of Integrated Development Environments (IDEs) including IAR Embedded Workbench, MDK-ARM, STM32CubeIDE, and Mbed Studio, n=1
2021-04-07 23:31:19,517 [WARN] DbBoardsPdsc:254 - Board STM32H7B3I-DK: unknown feature type=Audio, name=, username=Audio stereo codec with Headphone Amp (CS42L51-CNZ), n=1
2021-04-07 23:31:19,518 [WARN] DbBoardsPdsc:254 - Board STM32H735G-DK: unknown feature type=Audio, name=, username=Audio stereo codec with Headphone Amp (WM8994ECS/R), n=1
2021-04-07 23:31:19,518 [WARN] DbBoardsPdsc:254 - Board STM32WB5MM-DK: unknown feature type=, name=, username=Time-of-Flight and gesture-detection sensor, n=1
2021-04-07 23:31:19,518 [WARN] DbBoardsPdsc:254 - Board STM32WB5MM-DK: unknown feature type=, name=, username=3 push-buttons (2 users and 1 reset) and 1 touch key button, n=1
2021-04-07 23:31:19,518 [WARN] DbBoardsPdsc:254 - Board STM32WB5MM-DK: unknown feature type=, name=, username=Flexible power-supply options: ST-LINK/V2-1 USB connector, 5 V delivered by ARDUINO® or external connector, USB charger, or USB power, n=1
2021-04-07 23:31:19,519 [WARN] DbBoardsPdsc:254 - Board STM32WB5MM-DK: unknown feature type=, name=, username=On-board ST-LINK/V2-1 debugger/programmer with USB re-enumeration capability: Virtual COM port and debug port, n=1
2021-04-07 23:31:19,519 [WARN] DbBoardsPdsc:254 - Board STM32WB5MM-DK: unknown feature type=, name=, username=Comprehensive free software libraries and examples available with the STM32CubeWB MCU Package, n=1
2021-04-07 23:31:19,519 [WARN] DbBoardsPdsc:254 - Board STM32WB5MM-DK: unknown feature type=, name=, username=Support of a wide choice of Integrated Development Environments (IDEs) including IAR Embedded Workbench®, MDK-ARM, and STM32CubeIDE, n=1
2021-04-07 23:31:19,524 [WARN] DbBoardsPdsc:254 - Board STM32H7B3I-EVAL: unknown feature type=Audio, name=, username=Multi-Channel Audio Codec (CS42L51-CNZ), n=1
2021-04-07 23:31:19,524 [WARN] DbBoardsPdsc:254 - Board STM32H7B3I-EVAL: unknown feature type=Meter, name=, username=Power-metering and Temperature-monitoring with sigma-delta modulators, n=1
2021-04-07 23:31:19,525 [WARN] DbBoardsPdsc:254 - Board STM32H7B3I-EVAL: unknown feature type=Motor, name=, username=Motor Control, n=1
2021-04-07 23:31:19,594 [INFO] DbBoardsJson:87 - JSON generation date=Thu Feb 04 08:53:45 PST 2021 (1612457625)
2021-04-07 23:31:19,608 [INFO] DbBoards:117 - Found 161 boards (158 are supported by CubeMX)
2021-04-07 23:31:19,646 [INFO] DbBoardsDocs:143 - JSON generation date=Mon Feb 08 05:35:07 PST 2021 (1612791307)
2021-04-07 23:31:19,711 [INFO] DbBoardsDocs:79 - Found 193 boards documents
2021-04-07 23:31:19,712 [WARN] DbBoards:127 - board B-L462E-CELL1 has no document id list !
2021-04-07 23:31:19,712 [WARN] DbBoards:127 - board B-L475E-IOT01A2 has no document id list !
2021-04-07 23:31:19,714 [WARN] DbBoards:127 - board NUCLEO-G0B1RE has no document id list !
2021-04-07 23:31:19,715 [WARN] DbBoards:127 - board NUCLEO-H743ZI2 has no document id list !
2021-04-07 23:31:19,716 [WARN] DbBoards:127 - board NUCLEO-L4A6ZG has no document id list !
2021-04-07 23:31:19,717 [WARN] DbBoards:127 - board NUCLEO-WB15CC has no document id list !
2021-04-07 23:31:19,717 [WARN] DbBoards:127 - board NUCLEO-WB55RG has no document id list !
2021-04-07 23:31:19,718 [WARN] DbBoards:127 - board NUCLEO-WL55JC2 has no document id list !
2021-04-07 23:31:19,718 [WARN] DbBoards:127 - board P-NUCLEO-WB55-Nucleo has no document id list !
2021-04-07 23:31:19,718 [WARN] DbBoards:127 - board P-NUCLEO-WB55-USBDongle has no document id list !
2021-04-07 23:31:19,718 [WARN] DbBoards:127 - board STEVAL-BFA001V1B has no document id list !
2021-04-07 23:31:19,719 [WARN] DbBoards:127 - board STEVAL-BFA001V2B has no document id list !
2021-04-07 23:31:19,719 [WARN] DbBoards:127 - board STEVAL-IDP005V1 has no document id list !
2021-04-07 23:31:19,719 [WARN] DbBoards:127 - board STEVAL-IDP005V2 has no document id list !
2021-04-07 23:31:19,719 [WARN] DbBoards:127 - board STEVAL-MKSBOX1V1 has no document id list !
2021-04-07 23:31:19,720 [WARN] DbBoards:127 - board STEVAL-STWINKT1 has no document id list !
2021-04-07 23:31:19,720 [WARN] DbBoards:127 - board STEVAL-STWINKT1B has no document id list !
2021-04-07 23:31:19,721 [WARN] DbBoards:127 - board STM32F401C-DISCO has no document id list !
2021-04-07 23:31:19,723 [WARN] DbBoards:127 - board STM32F769I-DISC1 has no document id list !
2021-04-07 23:31:19,724 [WARN] DbBoards:127 - board STM32G0C1E-EV has no document id list !
2021-04-07 23:31:19,725 [WARN] DbBoards:127 - board STM32G474E-EVAL1 has no document id list !
2021-04-07 23:31:19,728 [WARN] DbBoards:127 - board STM32H743I-EVAL2 has no document id list !
2021-04-07 23:31:19,728 [WARN] DbBoards:127 - board STM32H747I-DISC1 has no document id list !
2021-04-07 23:31:19,729 [WARN] DbBoards:127 - board STM32H753I-EVAL2 has no document id list !
2021-04-07 23:31:19,729 [WARN] DbBoards:127 - board STM32L-DISCOVERY has no document id list !
2021-04-07 23:31:19,731 [WARN] DbBoards:127 - board STM32MP157A-DK1 has no document id list !
2021-04-07 23:31:19,731 [WARN] DbBoards:127 - board STM32MP157F-DK2 has no document id list !
2021-04-07 23:31:19,731 [WARN] DbBoards:127 - board STM32MP157F-EV1 has no document id list !
2021-04-07 23:31:19,732 [WARN] DbBoards:127 - board STM32WB5MM-DK has no document id list !
2021-04-07 23:31:23,523 [INFO] ApiDb:242 - User favorites file not found: C:\Users\kevin/.stm32cubeide/favorites.boards.txt
2021-04-07 23:31:23,524 [INFO] DbBoards:206 - Set 0 / 0 favorites Boards
2021-04-07 23:31:29,714 [INFO] MultiScanPanel:200 - Auto-refresh data requested => check proxy status ongoing
2021-04-07 23:31:29,845 [WARN] DetailPanel:315 - Failed to get advertising image, set to default
2021-04-07 23:33:42,241 [INFO] BoardAction:164 - Large Picture
2021-04-07 23:33:42,842 [INFO] BoardAction:69 - Docs & Resources
2021-04-07 23:34:32,680 [INFO] ApiDb:276 - Save user favorites file C:\Users\kevin/.stm32cubeide/favorites.mcus.txt: 0 item(s)
2021-04-07 23:34:32,681 [INFO] ApiDb:280 - User favorites MCUs=[]
2021-04-07 23:34:32,686 [INFO] ApiDb:276 - Save user favorites file C:\Users\kevin/.stm32cubeide/favorites.boards.txt: 0 item(s)
2021-04-07 23:34:32,687 [INFO] ApiDb:280 - User favorites Boards=[]
2021-04-20 20:52:49,912 [INFO] Activator:170 - 


2021-04-20 20:52:49,917 [INFO] Activator:171 - !SESSION log4j initialized
2021-04-20 20:53:13,049 [INFO] McuFinderGlobals:39 - Set McuFinder mode to 2 (CubeIDE integrated)
2021-04-20 20:53:13,670 [INFO] ApplicationProperties:181 - Using Application install path: C:\ST\STM32CubeIDE_1.6.0\STM32CubeIDE\plugins\com.st.stm32cube.common.mx_6.2.0.202102191602
2021-04-20 20:53:13,690 [INFO] DbMcusXml:74 - Set database path to: C:\ST\STM32CubeIDE_1.6.0\STM32CubeIDE\plugins\com.st.stm32cube.common.mx_6.2.0.202102191602\\db\/mcu/
2021-04-20 20:53:13,698 [INFO] DbBoardsPdsc:56 - Set plugin database path to: C:\ST\STM32CubeIDE_1.6.0\STM32CubeIDE\plugins\com.st.stm32cube.common.mx_6.2.0.202102191602\\db\/plugins/boardmanager/
2021-04-20 20:53:13,698 [INFO] DbMcus:258 - Set plugin images path to: C:\ST\STM32CubeIDE_1.6.0\STM32CubeIDE\plugins\com.st.stm32cube.common.mx_6.2.0.202102191602\\db\/plugins/mcufinder/images/
2021-04-20 20:53:13,698 [INFO] DbBoards:264 - Set plugin images path to: C:\ST\STM32CubeIDE_1.6.0\STM32CubeIDE\plugins\com.st.stm32cube.common.mx_6.2.0.202102191602\\db\/plugins/mcufinder/images/
2021-04-20 20:53:13,703 [INFO] DbExamples:333 - Set plugin images path to: C:\ST\STM32CubeIDE_1.6.0\STM32CubeIDE\plugins\com.st.stm32cube.common.mx_6.2.0.202102191602\\db\/plugins/mcufinder/images/
2021-04-20 20:53:13,714 [INFO] DbMcusAds:85 - Set database path to: C:\Users\kevin\.stmcufinder\plugins\mcufinder//mcu/
2021-04-20 20:53:13,715 [INFO] DbMcusDocs:110 - Set database path to: C:\Users\kevin\.stmcufinder\plugins\mcufinder//mcu/
2021-04-20 20:53:13,719 [INFO] DbMcusJson:65 - Set database path to: C:\Users\kevin\.stmcufinder\plugins\mcufinder//mcu/
2021-04-20 20:53:13,720 [INFO] DbBoardsDocs:110 - Set database path to: C:\Users\kevin\.stmcufinder\plugins\mcufinder//mcu/
2021-04-20 20:53:13,723 [INFO] DbBoardsJson:58 - Set database path to: C:\Users\kevin\.stmcufinder\plugins\mcufinder//mcu/
2021-04-20 20:53:13,727 [INFO] CrossReferenceDbSqlite:196 - Set database path to: C:\Users\kevin\.stmcufinder\plugins\mcufinder//mcu/cs/
2021-04-20 20:53:13,732 [INFO] DbExamplesSqlite:690 - Set database path to: C:\Users\kevin\.stmcufinder\plugins\mcufinder//mcu/
2021-04-20 20:53:13,934 [INFO] RulesReader:52 - Compatibility file has been processed (237 Rules)
2021-04-20 20:53:14,145 [INFO] MicroXplorer:622 - Detected Java Version = 11.0.9.1
2021-04-20 20:53:14,147 [INFO] DbMcusXml:74 - Set database path to: C:\ST\STM32CubeIDE_1.6.0\STM32CubeIDE\plugins\com.st.stm32cube.common.mx_6.2.0.202102191602\\db\/mcu/
2021-04-20 20:53:14,148 [INFO] DbBoardsPdsc:56 - Set plugin database path to: C:\ST\STM32CubeIDE_1.6.0\STM32CubeIDE\plugins\com.st.stm32cube.common.mx_6.2.0.202102191602\\db\/plugins/boardmanager/
2021-04-20 20:53:14,148 [INFO] DbMcus:258 - Set plugin images path to: C:\ST\STM32CubeIDE_1.6.0\STM32CubeIDE\plugins\com.st.stm32cube.common.mx_6.2.0.202102191602\\db\/plugins/mcufinder/images/
2021-04-20 20:53:14,148 [INFO] DbBoards:264 - Set plugin images path to: C:\ST\STM32CubeIDE_1.6.0\STM32CubeIDE\plugins\com.st.stm32cube.common.mx_6.2.0.202102191602\\db\/plugins/mcufinder/images/
2021-04-20 20:53:14,149 [INFO] DbExamples:333 - Set plugin images path to: C:\ST\STM32CubeIDE_1.6.0\STM32CubeIDE\plugins\com.st.stm32cube.common.mx_6.2.0.202102191602\\db\/plugins/mcufinder/images/
2021-04-20 20:53:14,149 [WARN] DbFile:35 - Overriding database path with different value: C:\Users\kevin\.stmcufinder\plugins\mcufinder/ => C:\Users\kevin\.stmcufinder\plugins\mcufinder
2021-04-20 20:53:14,149 [INFO] DbMcusAds:85 - Set database path to: C:\Users\kevin\.stmcufinder\plugins\mcufinder//mcu/
2021-04-20 20:53:14,149 [WARN] DbFile:35 - Overriding database path with different value: C:\Users\kevin\.stmcufinder\plugins\mcufinder/ => C:\Users\kevin\.stmcufinder\plugins\mcufinder
2021-04-20 20:53:14,149 [INFO] DbMcusDocs:110 - Set database path to: C:\Users\kevin\.stmcufinder\plugins\mcufinder//mcu/
2021-04-20 20:53:14,150 [WARN] DbFile:35 - Overriding database path with different value: C:\Users\kevin\.stmcufinder\plugins\mcufinder/ => C:\Users\kevin\.stmcufinder\plugins\mcufinder
2021-04-20 20:53:14,150 [INFO] DbMcusJson:65 - Set database path to: C:\Users\kevin\.stmcufinder\plugins\mcufinder//mcu/
2021-04-20 20:53:14,150 [WARN] DbFile:35 - Overriding database path with different value: C:\Users\kevin\.stmcufinder\plugins\mcufinder/ => C:\Users\kevin\.stmcufinder\plugins\mcufinder
2021-04-20 20:53:14,150 [INFO] DbBoardsDocs:110 - Set database path to: C:\Users\kevin\.stmcufinder\plugins\mcufinder//mcu/
2021-04-20 20:53:14,150 [WARN] DbFile:35 - Overriding database path with different value: C:\Users\kevin\.stmcufinder\plugins\mcufinder/ => C:\Users\kevin\.stmcufinder\plugins\mcufinder
2021-04-20 20:53:14,151 [INFO] DbBoardsJson:58 - Set database path to: C:\Users\kevin\.stmcufinder\plugins\mcufinder//mcu/
2021-04-20 20:53:14,151 [WARN] DbFile:35 - Overriding database path with different value: C:\Users\kevin\.stmcufinder\plugins\mcufinder/ => C:\Users\kevin\.stmcufinder\plugins\mcufinder
2021-04-20 20:53:14,151 [WARN] DbFile:35 - Overriding database path with different value: C:\Users\kevin\.stmcufinder\plugins\mcufinder/ => C:\Users\kevin\.stmcufinder\plugins\mcufinder
2021-04-20 20:53:14,151 [INFO] CrossReferenceDbSqlite:196 - Set database path to: C:\Users\kevin\.stmcufinder\plugins\mcufinder//mcu/cs/
2021-04-20 20:53:14,151 [WARN] DbFile:35 - Overriding database path with different value: C:\Users\kevin\.stmcufinder\plugins\mcufinder/ => C:\Users\kevin\.stmcufinder\plugins\mcufinder
2021-04-20 20:53:14,152 [INFO] DbExamplesSqlite:690 - Set database path to: C:\Users\kevin\.stmcufinder\plugins\mcufinder//mcu/
2021-04-20 20:53:14,280 [INFO] MainPanel:204 - HeapMemory: 268435456
2021-04-20 20:53:14,474 [INFO] DbMcusXml:74 - Set database path to: C:\ST\STM32CubeIDE_1.6.0\STM32CubeIDE\plugins\com.st.stm32cube.common.mx_6.2.0.202102191602\\db\/mcu/
2021-04-20 20:53:14,475 [INFO] DbBoardsPdsc:56 - Set plugin database path to: C:\ST\STM32CubeIDE_1.6.0\STM32CubeIDE\plugins\com.st.stm32cube.common.mx_6.2.0.202102191602\\db\/plugins/boardmanager/
2021-04-20 20:53:14,475 [INFO] DbMcus:258 - Set plugin images path to: C:\ST\STM32CubeIDE_1.6.0\STM32CubeIDE\plugins\com.st.stm32cube.common.mx_6.2.0.202102191602\\db\/plugins/mcufinder/images/
2021-04-20 20:53:14,475 [INFO] DbBoards:264 - Set plugin images path to: C:\ST\STM32CubeIDE_1.6.0\STM32CubeIDE\plugins\com.st.stm32cube.common.mx_6.2.0.202102191602\\db\/plugins/mcufinder/images/
2021-04-20 20:53:14,476 [INFO] DbExamples:333 - Set plugin images path to: C:\ST\STM32CubeIDE_1.6.0\STM32CubeIDE\plugins\com.st.stm32cube.common.mx_6.2.0.202102191602\\db\/plugins/mcufinder/images/
2021-04-20 20:53:14,477 [WARN] DbFile:35 - Overriding database path with different value: C:\Users\kevin\.stmcufinder\plugins\mcufinder/ => C:\Users\kevin\.stmcufinder\plugins\mcufinder
2021-04-20 20:53:14,477 [INFO] DbMcusAds:85 - Set database path to: C:\Users\kevin\.stmcufinder\plugins\mcufinder//mcu/
2021-04-20 20:53:14,477 [WARN] DbFile:35 - Overriding database path with different value: C:\Users\kevin\.stmcufinder\plugins\mcufinder/ => C:\Users\kevin\.stmcufinder\plugins\mcufinder
2021-04-20 20:53:14,477 [INFO] DbMcusDocs:110 - Set database path to: C:\Users\kevin\.stmcufinder\plugins\mcufinder//mcu/
2021-04-20 20:53:14,478 [WARN] DbFile:35 - Overriding database path with different value: C:\Users\kevin\.stmcufinder\plugins\mcufinder/ => C:\Users\kevin\.stmcufinder\plugins\mcufinder
2021-04-20 20:53:14,478 [INFO] DbMcusJson:65 - Set database path to: C:\Users\kevin\.stmcufinder\plugins\mcufinder//mcu/
2021-04-20 20:53:14,478 [WARN] DbFile:35 - Overriding database path with different value: C:\Users\kevin\.stmcufinder\plugins\mcufinder/ => C:\Users\kevin\.stmcufinder\plugins\mcufinder
2021-04-20 20:53:14,478 [INFO] DbBoardsDocs:110 - Set database path to: C:\Users\kevin\.stmcufinder\plugins\mcufinder//mcu/
2021-04-20 20:53:14,478 [WARN] DbFile:35 - Overriding database path with different value: C:\Users\kevin\.stmcufinder\plugins\mcufinder/ => C:\Users\kevin\.stmcufinder\plugins\mcufinder
2021-04-20 20:53:14,478 [INFO] DbBoardsJson:58 - Set database path to: C:\Users\kevin\.stmcufinder\plugins\mcufinder//mcu/
2021-04-20 20:53:14,479 [WARN] DbFile:35 - Overriding database path with different value: C:\Users\kevin\.stmcufinder\plugins\mcufinder/ => C:\Users\kevin\.stmcufinder\plugins\mcufinder
2021-04-20 20:53:14,479 [WARN] DbFile:35 - Overriding database path with different value: C:\Users\kevin\.stmcufinder\plugins\mcufinder/ => C:\Users\kevin\.stmcufinder\plugins\mcufinder
2021-04-20 20:53:14,479 [INFO] CrossReferenceDbSqlite:196 - Set database path to: C:\Users\kevin\.stmcufinder\plugins\mcufinder//mcu/cs/
2021-04-20 20:53:14,479 [WARN] DbFile:35 - Overriding database path with different value: C:\Users\kevin\.stmcufinder\plugins\mcufinder/ => C:\Users\kevin\.stmcufinder\plugins\mcufinder
2021-04-20 20:53:14,479 [INFO] DbExamplesSqlite:690 - Set database path to: C:\Users\kevin\.stmcufinder\plugins\mcufinder//mcu/
2021-04-20 20:53:14,514 [INFO] ApplicationProperties:181 - Using Application install path: C:\ST\STM32CubeIDE_1.6.0\STM32CubeIDE\plugins\com.st.stm32cube.common.mx_6.2.0.202102191602
2021-04-20 20:53:14,516 [INFO] PluginManage:178 - Search for loadable plugins [exclusion list=, ]
2021-04-20 20:53:14,519 [INFO] PluginManage:292 - Check plugin analytics
2021-04-20 20:53:14,795 [INFO] AnalyticsPlugin:233 - Accepted Software Licenses: 
2021-04-20 20:53:14,796 [INFO] AnalyticsPlugin:235 - Accepted CMSIS Pack Licenses: 
2021-04-20 20:53:14,797 [INFO] AnalyticsPlugin:237 - Accepted Firmware Licenses: 
2021-04-20 20:53:14,798 [INFO] PluginManage:342 - Loaded plugin analytics (category:tool,tabindex:-1)
2021-04-20 20:53:14,798 [INFO] PluginManage:292 - Check plugin clock
2021-04-20 20:53:14,837 [INFO] PluginManage:342 - Loaded plugin clock (category:base,tabindex:2)
2021-04-20 20:53:14,838 [INFO] PluginManage:292 - Check plugin ddr
2021-04-20 20:53:14,842 [INFO] PluginManage:342 - Loaded plugin ddr (category:tool,tabindex:6)
2021-04-20 20:53:14,843 [INFO] PluginManage:292 - Check plugin filemanager
2021-04-20 20:53:15,055 [INFO] PluginManage:342 - Loaded plugin filemanager (category:base,tabindex:10)
2021-04-20 20:53:15,056 [INFO] PluginManage:292 - Check plugin ipmanager
2021-04-20 20:53:15,070 [INFO] PluginManage:342 - Loaded plugin ipmanager (category:base,tabindex:5)
2021-04-20 20:53:15,070 [INFO] PluginManage:292 - Check plugin pinoutandconfiguration
2021-04-20 20:53:15,102 [INFO] PluginManage:342 - Loaded plugin pinoutandconfiguration (category:base,tabindex:1)
2021-04-20 20:53:15,102 [INFO] PluginManage:292 - Check plugin pinoutconfig
2021-04-20 20:53:15,163 [INFO] PluginManage:342 - Loaded plugin pinoutconfig (category:base,tabindex:0)
2021-04-20 20:53:15,163 [INFO] PluginManage:292 - Check plugin power
2021-04-20 20:53:15,196 [INFO] PluginManage:342 - Loaded plugin power (category:power,tabindex:4)
2021-04-20 20:53:15,197 [INFO] PluginManage:292 - Check plugin projectmanager
2021-04-20 20:53:15,227 [INFO] PluginManage:342 - Loaded plugin projectmanager (category:projectmanager,tabindex:3)
2021-04-20 20:53:15,227 [INFO] PluginManage:292 - Check plugin thirdparty
2021-04-20 20:53:15,589 [INFO] PluginManage:342 - Loaded plugin thirdparty (category:base,tabindex:-1)
2021-04-20 20:53:15,589 [WARN] IntegrityCheckThread:59 - waiting for thirdparty lock release [integrity check]
2021-04-20 20:53:15,591 [INFO] IntegrityCheckThread:61 - entering critical section [integrity check]
2021-04-20 20:53:15,589 [INFO] PluginManage:292 - Check plugin tools
2021-04-20 20:53:15,591 [INFO] ThirdPartyUpdaterWithRetryManager:56 - Updater plugin not ready yet. [1/15]
2021-04-20 20:53:15,683 [INFO] PluginManage:342 - Loaded plugin tools (category:base,tabindex:7)
2021-04-20 20:53:15,683 [INFO] PluginManage:292 - Check plugin tutovideos
2021-04-20 20:53:16,102 [INFO] PluginManage:342 - Loaded plugin tutovideos (category:base,tabindex:-1)
2021-04-20 20:53:16,103 [INFO] PluginManage:292 - Check plugin updater
2021-04-20 20:53:16,123 [INFO] PluginManage:342 - Loaded plugin updater (category:base,tabindex:12)
2021-04-20 20:53:16,124 [INFO] PluginManage:265 - PluginManage : Loaded plugins [13]
2021-04-20 20:53:16,443 [INFO] PinOutPanel:1435 - setPackage(No Configuration,No Configuration)
2021-04-20 20:53:16,620 [INFO] IPUIPlugin:64 - create IPUIPlugin
2021-04-20 20:53:16,621 [INFO] PluginManager:203 - loadIPPluginJar : add adc
2021-04-20 20:53:16,675 [INFO] IPUIPlugin:64 - create IPUIPlugin
2021-04-20 20:53:16,675 [INFO] PluginManager:203 - loadIPPluginJar : add aes
2021-04-20 20:53:16,747 [INFO] IPUIPlugin:64 - create IPUIPlugin
2021-04-20 20:53:16,748 [INFO] PluginManager:203 - loadIPPluginJar : add can
2021-04-20 20:53:16,791 [INFO] IPUIPlugin:64 - create IPUIPlugin
2021-04-20 20:53:16,792 [INFO] PluginManager:203 - loadIPPluginJar : add comp
2021-04-20 20:53:16,844 [INFO] IPUIPlugin:64 - create IPUIPlugin
2021-04-20 20:53:16,844 [INFO] PluginManager:203 - loadIPPluginJar : add cryp
2021-04-20 20:53:16,898 [INFO] IPUIPlugin:64 - create IPUIPlugin
2021-04-20 20:53:16,899 [INFO] PluginManager:203 - loadIPPluginJar : add dfsdm
2021-04-20 20:53:16,922 [INFO] IPUIPlugin:64 - create IPUIPlugin
2021-04-20 20:53:16,923 [INFO] PluginManager:203 - loadIPPluginJar : add dma
2021-04-20 20:53:16,964 [INFO] IPUIPlugin:64 - create IPUIPlugin
2021-04-20 20:53:16,964 [INFO] PluginManager:203 - loadIPPluginJar : add fatfs
2021-04-20 20:53:17,051 [INFO] IPUIPlugin:64 - create IPUIPlugin
2021-04-20 20:53:17,051 [INFO] PluginManager:203 - loadIPPluginJar : add fmc
2021-04-20 20:53:17,080 [INFO] IPUIPlugin:64 - create IPUIPlugin
2021-04-20 20:53:17,081 [INFO] PluginManager:203 - loadIPPluginJar : add freertos
2021-04-20 20:53:17,140 [INFO] IPUIPlugin:64 - create IPUIPlugin
2021-04-20 20:53:17,140 [INFO] PluginManager:203 - loadIPPluginJar : add genericplugin
2021-04-20 20:53:17,275 [INFO] IPUIPlugin:64 - create IPUIPlugin
2021-04-20 20:53:17,275 [INFO] PluginManager:203 - loadIPPluginJar : add gfxmmu
2021-04-20 20:53:17,466 [INFO] IPUIPlugin:64 - create IPUIPlugin
2021-04-20 20:53:17,467 [INFO] PluginManager:203 - loadIPPluginJar : add gic
2021-04-20 20:53:17,490 [INFO] IPUIPlugin:64 - create IPUIPlugin
2021-04-20 20:53:17,491 [INFO] PluginManager:203 - loadIPPluginJar : add gpio
2021-04-20 20:53:17,603 [INFO] IPUIPlugin:64 - create IPUIPlugin
2021-04-20 20:53:17,603 [INFO] PluginManager:203 - loadIPPluginJar : add gtzc
2021-04-20 20:53:17,655 [INFO] IPUIPlugin:64 - create IPUIPlugin
2021-04-20 20:53:17,655 [INFO] PluginManager:203 - loadIPPluginJar : add hash
2021-04-20 20:53:17,741 [INFO] IPUIPlugin:64 - create IPUIPlugin
2021-04-20 20:53:17,742 [INFO] PluginManager:203 - loadIPPluginJar : add i2c
2021-04-20 20:53:17,813 [INFO] IPUIPlugin:64 - create IPUIPlugin
2021-04-20 20:53:17,814 [INFO] PluginManager:203 - loadIPPluginJar : add i2s
2021-04-20 20:53:17,835 [INFO] IPUIPlugin:64 - create IPUIPlugin
2021-04-20 20:53:17,835 [INFO] PluginManager:203 - loadIPPluginJar : add ipddr
2021-04-20 20:53:17,896 [INFO] IPUIPlugin:64 - create IPUIPlugin
2021-04-20 20:53:17,896 [INFO] PluginManager:203 - loadIPPluginJar : add lorawan
2021-04-20 20:53:17,957 [INFO] IPUIPlugin:64 - create IPUIPlugin
2021-04-20 20:53:17,957 [INFO] PluginManager:203 - loadIPPluginJar : add ltdc
2021-04-20 20:53:17,980 [INFO] IPUIPlugin:64 - create IPUIPlugin
2021-04-20 20:53:17,981 [INFO] PluginManager:203 - loadIPPluginJar : add mdma
2021-04-20 20:53:18,000 [INFO] IPUIPlugin:64 - create IPUIPlugin
2021-04-20 20:53:18,000 [INFO] PluginManager:203 - loadIPPluginJar : add nvic
2021-04-20 20:53:18,065 [INFO] IPUIPlugin:64 - create IPUIPlugin
2021-04-20 20:53:18,065 [INFO] PluginManager:203 - loadIPPluginJar : add opamp
2021-04-20 20:53:18,168 [INFO] IPUIPlugin:64 - create IPUIPlugin
2021-04-20 20:53:18,169 [INFO] PluginManager:203 - loadIPPluginJar : add openamp
2021-04-20 20:53:18,261 [INFO] IPUIPlugin:64 - create IPUIPlugin
2021-04-20 20:53:18,261 [INFO] PluginManager:203 - loadIPPluginJar : add pdm2pcm
2021-04-20 20:53:18,287 [INFO] IPUIPlugin:64 - create IPUIPlugin
2021-04-20 20:53:18,292 [INFO] PluginManager:203 - loadIPPluginJar : add plateformsettings
2021-04-20 20:53:18,335 [INFO] IPUIPlugin:64 - create IPUIPlugin
2021-04-20 20:53:18,336 [INFO] PluginManager:203 - loadIPPluginJar : add quadspi
2021-04-20 20:53:18,356 [INFO] IPUIPlugin:64 - create IPUIPlugin
2021-04-20 20:53:18,356 [INFO] PluginManager:203 - loadIPPluginJar : add resmgrutility
2021-04-20 20:53:18,444 [INFO] IPUIPlugin:64 - create IPUIPlugin
2021-04-20 20:53:18,444 [INFO] PluginManager:203 - loadIPPluginJar : add sai
2021-04-20 20:53:18,513 [INFO] IPUIPlugin:64 - create IPUIPlugin
2021-04-20 20:53:18,513 [INFO] PluginManager:203 - loadIPPluginJar : add spi
2021-04-20 20:53:18,599 [INFO] ThirdPartyUpdaterWithRetryManager:56 - Updater plugin not ready yet. [2/15]
2021-04-20 20:53:18,641 [INFO] IPUIPlugin:64 - create IPUIPlugin
2021-04-20 20:53:18,641 [INFO] PluginManager:203 - loadIPPluginJar : add stm32_wpan
2021-04-20 20:53:18,687 [INFO] IPUIPlugin:64 - create IPUIPlugin
2021-04-20 20:53:18,687 [INFO] PluginManager:203 - loadIPPluginJar : add tim
2021-04-20 20:53:18,793 [INFO] IPUIPlugin:64 - create IPUIPlugin
2021-04-20 20:53:18,793 [INFO] PluginManager:203 - loadIPPluginJar : add touchsensing
2021-04-20 20:53:18,841 [INFO] IPUIPlugin:64 - create IPUIPlugin
2021-04-20 20:53:18,841 [INFO] PluginManager:203 - loadIPPluginJar : add tracer_emb
2021-04-20 20:53:18,891 [INFO] IPUIPlugin:64 - create IPUIPlugin
2021-04-20 20:53:18,891 [INFO] PluginManager:203 - loadIPPluginJar : add ts
2021-04-20 20:53:18,936 [INFO] IPUIPlugin:64 - create IPUIPlugin
2021-04-20 20:53:18,936 [INFO] PluginManager:203 - loadIPPluginJar : add tsc
2021-04-20 20:53:18,981 [INFO] IPUIPlugin:64 - create IPUIPlugin
2021-04-20 20:53:18,981 [INFO] PluginManager:203 - loadIPPluginJar : add ucpd
2021-04-20 20:53:19,056 [INFO] IPUIPlugin:64 - create IPUIPlugin
2021-04-20 20:53:19,057 [INFO] PluginManager:203 - loadIPPluginJar : add usart
2021-04-20 20:53:19,587 [FATAL] Updater:284 - Updater called before beeing initialized
2021-04-20 20:53:19,801 [FATAL] Updater:284 - Updater called before beeing initialized
2021-04-20 20:53:19,818 [INFO] DbMcusAds:132 - JSON generation date=Thu Feb 11 06:55:24 PST 2021 (1613055324029)
2021-04-20 20:53:19,818 [FATAL] Updater:284 - Updater called before beeing initialized
2021-04-20 20:53:19,930 [WARN] DetailPanel:315 - Failed to get advertising image, set to default
2021-04-20 20:53:20,395 [FATAL] Updater:284 - Updater called before beeing initialized
2021-04-20 20:53:20,399 [FATAL] Updater:284 - Updater called before beeing initialized
2021-04-20 20:53:20,399 [FATAL] Updater:284 - Updater called before beeing initialized
2021-04-20 20:53:20,400 [WARN] DetailPanel:315 - Failed to get advertising image, set to default
2021-04-20 20:53:20,402 [FATAL] Updater:284 - Updater called before beeing initialized
2021-04-20 20:53:20,531 [FATAL] Updater:284 - Updater called before beeing initialized
2021-04-20 20:53:20,531 [WARN] ThirdParty:796 - waiting for thirdparty lock release [close project]
2021-04-20 20:53:21,603 [INFO] ThirdPartyUpdaterWithRetryManager:56 - Updater plugin not ready yet. [3/15]
2021-04-20 20:53:24,615 [FATAL] Updater:284 - Updater called before beeing initialized
2021-04-20 20:53:24,615 [ERROR] AbstractThirdPartyUpdaterManager:153 - class java.lang.Integer cannot be cast to class java.util.List (java.lang.Integer and java.util.List are in module java.base of loader 'bootstrap')
2021-04-20 20:53:24,615 [INFO] ThirdParty:900 - Integrity check success = false
2021-04-20 20:53:24,616 [INFO] IntegrityCheckThread:75 - exiting critical section [integrity check]
2021-04-20 20:53:24,616 [INFO] IntegrityCheckThread:78 - End integrity checks thread
2021-04-20 20:53:24,616 [INFO] ThirdParty:798 - entering critical section [close project]
2021-04-20 20:53:24,618 [INFO] ThirdParty:809 - exiting critical section [close project]
2021-04-20 20:53:24,624 [INFO] PinOutPanel:1435 - setPackage(No Configuration,No Configuration)
2021-04-20 20:53:24,624 [FATAL] Updater:284 - Updater called before beeing initialized
2021-04-20 20:53:24,665 [INFO] Updater:1002 - Updater Version found : 6.2.0
2021-04-20 20:53:24,685 [INFO] ApplicationProperties:181 - Using Application install path: C:\ST\STM32CubeIDE_1.6.0\STM32CubeIDE\plugins\com.st.stm32cube.common.mx_6.2.0.202102191602
2021-04-20 20:53:24,839 [INFO] MainUpdater:2661 - connection check result : 10
2021-04-20 20:53:24,840 [INFO] MainUpdater:3349 - Updater definition file requires update
2021-04-20 20:53:24,841 [INFO] MainUpdater:255 - Updater Check For Update Now.
2021-04-20 20:53:24,841 [INFO] MicroXplorer:472 - Change Database Version : DB.6.0.20
2021-04-20 20:53:24,967 [INFO] ServerAccessManage:348 - Download File updaters.zip
2021-04-20 20:53:25,110 [INFO] FileExtend:225 - Unzip File : updaters.zip
2021-04-20 20:53:25,111 [INFO] FileExtend:240 - Standard Zip Deflate
2021-04-20 20:53:25,861 [INFO] ServerAccessManage:348 - Download File PacksControlFlags.xml
2021-04-20 20:53:26,011 [INFO] ServerAccessManage:348 - Download File cubemx.pidx
2021-04-20 20:53:26,092 [INFO] LoadServerUpdatesThread:329 - End of LoadServerUpdate Thread
2021-04-20 20:53:26,120 [INFO] CheckServerUpdateThread:102 - End of CheckServer Thread
2021-04-20 20:53:26,191 [INFO] MainUpdater:2661 - connection check result : 10
2021-04-20 20:53:26,979 [INFO] CrossSelectorPresenter:1330 - Cross Selector saved comparison directory: C:\Users\kevin\.stmcufinder\plugins\mcufinder\mcu\cs_comparisons_mx
2021-04-20 20:53:26,984 [INFO] MultiScanPanel:200 - Auto-refresh data requested => check proxy status ongoing
2021-04-20 20:53:26,988 [INFO] FinderPluginLoader:87 - Searching for filters in installed packs
2021-04-20 20:53:26,989 [INFO] DbMcusXml:100 - Load MCU database from C:\ST\STM32CubeIDE_1.6.0\STM32CubeIDE\plugins\com.st.stm32cube.common.mx_6.2.0.202102191602\\db\/mcu/families.xml
2021-04-20 20:53:27,791 [INFO] DbMcusJson:94 - JSON generation date=Mon Feb 08 05:35:07 PST 2021 (1612791307)
2021-04-20 20:53:29,049 [INFO] DbMcus:175 - Found 1906 MCUs (1866 are supported by CubeMX, 1866 are visible in CubeMX)
2021-04-20 20:53:29,051 [INFO] ApiDb:251 - Load user favorites file C:\Users\kevin/.stm32cubeide/favorites.mcus.txt: 0 item(s)
2021-04-20 20:53:29,051 [INFO] ApiDb:255 - User favorites MCUs=[]
2021-04-20 20:53:29,051 [INFO] DbMcus:187 - Set 0 / 0 favorites MCUs
2021-04-20 20:53:29,893 [WARN] DetailPanel:315 - Failed to get advertising image, set to default
2021-04-20 20:53:30,705 [INFO] DbBoardsPdsc:90 - Found 24 items
2021-04-20 20:53:30,721 [INFO] DbBoardsPdsc:90 - Found 9 items
2021-04-20 20:53:30,743 [INFO] DbBoardsPdsc:90 - Found 33 items
2021-04-20 20:53:30,757 [INFO] DbBoardsPdsc:90 - Found 1 items
2021-04-20 20:53:30,783 [INFO] DbBoardsPdsc:90 - Found 46 items
2021-04-20 20:53:30,813 [INFO] DbBoardsPdsc:90 - Found 41 items
2021-04-20 20:53:30,826 [INFO] DbBoardsPdsc:90 - Found 2 items
2021-04-20 20:53:30,842 [INFO] DbBoardsPdsc:90 - Found 5 items
2021-04-20 20:53:30,847 [WARN] DbBoardsPdsc:254 - Board NUCLEO-WB15CC: unknown feature type=, name=, username=Three user LEDs, n=1
2021-04-20 20:53:30,847 [WARN] DbBoardsPdsc:254 - Board NUCLEO-WB15CC: unknown feature type=, name=, username=One reset and three user push-buttons, n=1
2021-04-20 20:53:30,847 [WARN] DbBoardsPdsc:254 - Board NUCLEO-WB15CC: unknown feature type=, name=, username=Arduino Uno V3 expansion connector, n=1
2021-04-20 20:53:30,847 [WARN] DbBoardsPdsc:254 - Board NUCLEO-WB15CC: unknown feature type=, name=, username=ST morpho extension pin headers for full access to all STM32WB I/Os, n=1
2021-04-20 20:53:30,847 [WARN] DbBoardsPdsc:254 - Board NUCLEO-WB15CC: unknown feature type=, name=, username=Integrated PCB antenna and SMA connector footprint, n=1
2021-04-20 20:53:30,848 [WARN] DbBoardsPdsc:254 - Board NUCLEO-WB15CC: unknown feature type=, name=, username=Flexible power-supply options: ST-LINK, USB VBUS, or external sources, n=1
2021-04-20 20:53:30,848 [WARN] DbBoardsPdsc:254 - Board NUCLEO-WB15CC: unknown feature type=, name=, username=On-board footprint to mount a CR2032 battery socket, n=1
2021-04-20 20:53:30,848 [WARN] DbBoardsPdsc:254 - Board NUCLEO-WB15CC: unknown feature type=, name=, username=On-board ST-LINK/V2-1 debugger/programmer with USB re-enumeration capability: mass storage, Virtual COM port, and debug port, n=1
2021-04-20 20:53:30,848 [WARN] DbBoardsPdsc:254 - Board NUCLEO-WB15CC: unknown feature type=, name=, username=Comprehensive free software libraries and examples available with the STM32CubeWB MCU Package, n=1
2021-04-20 20:53:30,848 [WARN] DbBoardsPdsc:254 - Board NUCLEO-WB15CC: unknown feature type=, name=, username=Support of a wide choice of Integrated Development Environments (IDEs) including IAR Embedded Workbench, MDK-ARM, STM32CubeIDE, and Mbed Studio, n=1
2021-04-20 20:53:30,851 [WARN] DbBoardsPdsc:254 - Board STM32H7B3I-DK: unknown feature type=Audio, name=, username=Audio stereo codec with Headphone Amp (CS42L51-CNZ), n=1
2021-04-20 20:53:30,852 [WARN] DbBoardsPdsc:254 - Board STM32H735G-DK: unknown feature type=Audio, name=, username=Audio stereo codec with Headphone Amp (WM8994ECS/R), n=1
2021-04-20 20:53:30,852 [WARN] DbBoardsPdsc:254 - Board STM32WB5MM-DK: unknown feature type=, name=, username=Time-of-Flight and gesture-detection sensor, n=1
2021-04-20 20:53:30,852 [WARN] DbBoardsPdsc:254 - Board STM32WB5MM-DK: unknown feature type=, name=, username=3 push-buttons (2 users and 1 reset) and 1 touch key button, n=1
2021-04-20 20:53:30,852 [WARN] DbBoardsPdsc:254 - Board STM32WB5MM-DK: unknown feature type=, name=, username=Flexible power-supply options: ST-LINK/V2-1 USB connector, 5 V delivered by ARDUINO® or external connector, USB charger, or USB power, n=1
2021-04-20 20:53:30,852 [WARN] DbBoardsPdsc:254 - Board STM32WB5MM-DK: unknown feature type=, name=, username=On-board ST-LINK/V2-1 debugger/programmer with USB re-enumeration capability: Virtual COM port and debug port, n=1
2021-04-20 20:53:30,853 [WARN] DbBoardsPdsc:254 - Board STM32WB5MM-DK: unknown feature type=, name=, username=Comprehensive free software libraries and examples available with the STM32CubeWB MCU Package, n=1
2021-04-20 20:53:30,853 [WARN] DbBoardsPdsc:254 - Board STM32WB5MM-DK: unknown feature type=, name=, username=Support of a wide choice of Integrated Development Environments (IDEs) including IAR Embedded Workbench®, MDK-ARM, and STM32CubeIDE, n=1
2021-04-20 20:53:30,855 [WARN] DbBoardsPdsc:254 - Board STM32H7B3I-EVAL: unknown feature type=Audio, name=, username=Multi-Channel Audio Codec (CS42L51-CNZ), n=1
2021-04-20 20:53:30,855 [WARN] DbBoardsPdsc:254 - Board STM32H7B3I-EVAL: unknown feature type=Meter, name=, username=Power-metering and Temperature-monitoring with sigma-delta modulators, n=1
2021-04-20 20:53:30,855 [WARN] DbBoardsPdsc:254 - Board STM32H7B3I-EVAL: unknown feature type=Motor, name=, username=Motor Control, n=1
2021-04-20 20:53:30,938 [INFO] DbBoardsJson:87 - JSON generation date=Thu Feb 04 08:53:45 PST 2021 (1612457625)
2021-04-20 20:53:30,958 [INFO] DbBoards:117 - Found 161 boards (158 are supported by CubeMX)
2021-04-20 20:53:31,015 [INFO] DbBoardsDocs:143 - JSON generation date=Mon Feb 08 05:35:07 PST 2021 (1612791307)
2021-04-20 20:53:31,089 [INFO] DbBoardsDocs:79 - Found 193 boards documents
2021-04-20 20:53:31,090 [WARN] DbBoards:127 - board B-L462E-CELL1 has no document id list !
2021-04-20 20:53:31,091 [WARN] DbBoards:127 - board B-L475E-IOT01A2 has no document id list !
2021-04-20 20:53:31,093 [WARN] DbBoards:127 - board NUCLEO-G0B1RE has no document id list !
2021-04-20 20:53:31,093 [WARN] DbBoards:127 - board NUCLEO-H743ZI2 has no document id list !
2021-04-20 20:53:31,095 [WARN] DbBoards:127 - board NUCLEO-L4A6ZG has no document id list !
2021-04-20 20:53:31,095 [WARN] DbBoards:127 - board NUCLEO-WB15CC has no document id list !
2021-04-20 20:53:31,096 [WARN] DbBoards:127 - board NUCLEO-WB55RG has no document id list !
2021-04-20 20:53:31,096 [WARN] DbBoards:127 - board NUCLEO-WL55JC2 has no document id list !
2021-04-20 20:53:31,096 [WARN] DbBoards:127 - board P-NUCLEO-WB55-Nucleo has no document id list !
2021-04-20 20:53:31,096 [WARN] DbBoards:127 - board P-NUCLEO-WB55-USBDongle has no document id list !
2021-04-20 20:53:31,097 [WARN] DbBoards:127 - board STEVAL-BFA001V1B has no document id list !
2021-04-20 20:53:31,097 [WARN] DbBoards:127 - board STEVAL-BFA001V2B has no document id list !
2021-04-20 20:53:31,097 [WARN] DbBoards:127 - board STEVAL-IDP005V1 has no document id list !
2021-04-20 20:53:31,097 [WARN] DbBoards:127 - board STEVAL-IDP005V2 has no document id list !
2021-04-20 20:53:31,098 [WARN] DbBoards:127 - board STEVAL-MKSBOX1V1 has no document id list !
2021-04-20 20:53:31,098 [WARN] DbBoards:127 - board STEVAL-STWINKT1 has no document id list !
2021-04-20 20:53:31,098 [WARN] DbBoards:127 - board STEVAL-STWINKT1B has no document id list !
2021-04-20 20:53:31,099 [WARN] DbBoards:127 - board STM32F401C-DISCO has no document id list !
2021-04-20 20:53:31,100 [WARN] DbBoards:127 - board STM32F769I-DISC1 has no document id list !
2021-04-20 20:53:31,101 [WARN] DbBoards:127 - board STM32G0C1E-EV has no document id list !
2021-04-20 20:53:31,101 [WARN] DbBoards:127 - board STM32G474E-EVAL1 has no document id list !
2021-04-20 20:53:31,102 [WARN] DbBoards:127 - board STM32H743I-EVAL2 has no document id list !
2021-04-20 20:53:31,102 [WARN] DbBoards:127 - board STM32H747I-DISC1 has no document id list !
2021-04-20 20:53:31,103 [WARN] DbBoards:127 - board STM32H753I-EVAL2 has no document id list !
2021-04-20 20:53:31,103 [WARN] DbBoards:127 - board STM32L-DISCOVERY has no document id list !
2021-04-20 20:53:31,104 [WARN] DbBoards:127 - board STM32MP157A-DK1 has no document id list !
2021-04-20 20:53:31,105 [WARN] DbBoards:127 - board STM32MP157F-DK2 has no document id list !
2021-04-20 20:53:31,105 [WARN] DbBoards:127 - board STM32MP157F-EV1 has no document id list !
2021-04-20 20:53:31,105 [WARN] DbBoards:127 - board STM32WB5MM-DK has no document id list !
2021-04-20 20:53:35,766 [INFO] ApiDb:251 - Load user favorites file C:\Users\kevin/.stm32cubeide/favorites.boards.txt: 0 item(s)
2021-04-20 20:53:35,767 [INFO] ApiDb:255 - User favorites Boards=[]
2021-04-20 20:53:35,767 [INFO] DbBoards:206 - Set 0 / 0 favorites Boards
2021-04-20 20:55:33,672 [INFO] DbMcusDocs:143 - JSON generation date=Mon Feb 08 05:35:07 PST 2021 (1612791307)
2021-04-20 20:55:33,909 [INFO] DbMcusDocs:79 - Found 617 MCUs documents
2021-04-20 20:56:23,499 [INFO] MultiScanPanel:200 - Auto-refresh data requested => check proxy status ongoing
2021-04-20 20:56:23,547 [WARN] DetailPanel:315 - Failed to get advertising image, set to default
2021-04-20 20:56:27,237 [INFO] MultiScanPanel:200 - Auto-refresh data requested => check proxy status ongoing
2021-04-20 20:56:27,419 [INFO] ApiDb:479 - Connected to CubeFinder SQLite database (C:\Users\kevin\.stmcufinder\plugins\mcufinder\mcu\cube-finder-db.db)
2021-04-20 20:56:28,175 [INFO] DbExamplesSqlite:401 - Ignored 35 examples not supported by CubeIDE
2021-04-20 20:56:28,175 [INFO] DbExamplesSqlite:402 - Found 4966 examples active
2021-04-20 20:56:28,175 [INFO] DbExamplesSqlite:403 - Found 130 examples obsolete
2021-04-20 20:56:28,176 [INFO] DbExamplesSqlite:404 - Found 0 examples under development
2021-04-20 20:56:28,176 [INFO] DbExamplesSqlite:405 - Found 76 examples not building
2021-04-20 20:56:28,220 [INFO] DbExamplesSqlite:104 - CubeFinder database Data Model version=2.1
2021-04-20 20:56:28,220 [INFO] DbExamplesSqlite:105 - CubeFinder database Configuration version=2.16
2021-04-20 20:56:28,220 [INFO] DbExamplesSqlite:106 - CubeFinder database generation date=2021-02-19 (1613729613)
2021-04-20 20:56:28,221 [INFO] DbExamplesSqlite:107 - CubeFinder database FW Pack versions=[STM32Cube_FW_F4_V1.26.0, STM32Cube_FW_F7_V1.16.0, STM32Cube_FW_G0_V1.4.0, STM32Cube_FW_G4_V1.4.0, STM32Cube_FW_H7_V1.9.0, STM32Cube_FW_L5_V1.4.0, STM32Cube_FW_WB_V1.11.0, STM32Cube_FW_WL_V1.0.0, X-CUBE-AZRTOS-H7_V1.0.0, X-CUBE-BLE2_V3.2.0, X-CUBE-GNSS1_V5.2.0]
2021-04-20 20:56:28,222 [INFO] DbExamples:130 - Found 5007 examples
2021-04-20 20:56:28,822 [ERROR] DbExamples:206 - Found 300 examples with invalid data (board or MCU)
2021-04-20 20:56:28,823 [INFO] DbExamples:222 - Found 63 boards with related examples
2021-04-20 20:56:28,831 [INFO] DbExamples:235 - Found 51 MCUs with related examples
2021-04-20 20:56:28,846 [INFO] ApiDb:242 - User favorites file not found: C:\Users\kevin/.stm32cubeide/favorites.examples.txt
2021-04-20 20:56:28,846 [INFO] DbExamples:256 - Set 0 / 0 favorites Examples
2021-04-20 20:56:28,928 [INFO] SoftwarePacks:121 - Download is needed for SW pack 'STM32Cube_FW_F4_V1.26.0'
2021-04-20 20:56:28,930 [INFO] SoftwarePacks:121 - Download is needed for SW pack 'STM32Cube_FW_F7_V1.16.0'
2021-04-20 20:56:28,932 [INFO] SoftwarePacks:121 - Download is needed for SW pack 'STM32Cube_FW_G0_V1.4.0'
2021-04-20 20:56:28,933 [INFO] SoftwarePacks:121 - Download is needed for SW pack 'STM32Cube_FW_G4_V1.4.0'
2021-04-20 20:56:28,934 [INFO] SoftwarePacks:121 - Download is needed for SW pack 'STM32Cube_FW_H7_V1.9.0'
2021-04-20 20:56:28,935 [INFO] SoftwarePacks:121 - Download is needed for SW pack 'STM32Cube_FW_L5_V1.4.0'
2021-04-20 20:56:28,936 [INFO] SoftwarePacks:121 - Download is needed for SW pack 'STM32Cube_FW_WB_V1.11.0'
2021-04-20 20:56:28,937 [INFO] SoftwarePacks:121 - Download is needed for SW pack 'STM32Cube_FW_WL_V1.0.0'
2021-04-20 20:56:28,937 [INFO] SoftwarePacks:121 - Download is needed for SW pack 'X-CUBE-AZRTOS-H7_V1.0.0'
2021-04-20 20:56:28,937 [INFO] SoftwarePacks:121 - Download is needed for SW pack 'X-CUBE-BLE2_V3.2.0'
2021-04-20 20:56:28,938 [INFO] SoftwarePacks:121 - Download is needed for SW pack 'X-CUBE-GNSS1_V5.2.0'
2021-04-20 20:56:30,749 [WARN] DetailPanel:315 - Failed to get advertising image, set to default
2021-04-20 20:57:12,401 [INFO] BoardResultTable:554 - Mark Board STM32F407G-DISC1 as favorite
2021-04-20 20:57:47,724 [INFO] ApiDb:276 - Save user favorites file C:\Users\kevin/.stm32cubeide/favorites.mcus.txt: 0 item(s)
2021-04-20 20:57:47,726 [INFO] ApiDb:280 - User favorites MCUs=[]
2021-04-20 20:57:47,748 [INFO] ApiDb:276 - Save user favorites file C:\Users\kevin/.stm32cubeide/favorites.boards.txt: 1 item(s)
2021-04-20 20:57:47,753 [INFO] ApiDb:280 - User favorites Boards=[STM32F407G-DISC1]
2021-04-20 20:57:47,776 [INFO] ApiDb:276 - Save user favorites file C:\Users\kevin/.stm32cubeide/favorites.examples.txt: 0 item(s)
2021-04-20 20:57:47,778 [INFO] ApiDb:280 - User favorites Examples=[]
